2020-08-28 14:17:20 INFO com.amplix.rpc.igcRpc - **********************************************
2020-08-28 14:17:20 INFO com.amplix.rpc.igcRpc - **** Starting amplix WEB Application ********
2020-08-28 14:17:20 INFO com.amplix.rpc.igcRpc - **********************************************
2020-08-28 14:17:20 INFO com.amplix.rpc.igcRpc - **********************************************
2020-08-28 14:17:20 INFO com.amplix.rpc.igcRpc -  application loading from : /Users/parabellum/workspace/_boguenon/amplix/
2020-08-28 14:17:20 INFO com.amplix.rpc.igcRpc -  application context from : /Users/parabellum/workspace/_boguenon/amplix/webapp/:
2020-08-28 14:17:20 INFO com.amplix.rpc.igcRpc - ** creating web application instance!
2020-08-28 14:17:20 INFO com.amplix.rpc.igcServer - Start get environment file (servlet)
2020-08-28 14:17:20 INFO com.amplix.rpc.igcServer - Getting License config file
2020-08-28 14:17:20 INFO com.amplix.rpc.igcServer - Getting License data file
2020-08-28 14:17:20 INFO com.amplix.rpc.igcServer - Load XML config file
2020-08-28 14:17:20 INFO com.amplix.I.A.S - >> loading database configuration : null
2020-08-28 14:17:20 INFO com.amplix.rpc.igcServer - ** load system config (reading configuration from file)
2020-08-28 14:17:20 INFO com.amplix.rpc.igcServer - ** load system config (security snoozing and webserver protection)
2020-08-28 14:17:20 INFO com.amplix.rpc.igcServer - ** load system config (security fileupload limit)
2020-08-28 14:17:20 INFO com.amplix.rpc.igcServer - ** load system config (h2 loader)
2020-08-28 14:17:20 INFO com.amplix.rpc.igcServer - ** load system config (python information)
2020-08-28 14:17:20 INFO com.amplix.rpc.igcServer - ** load system config (metacontent mirroring)
2020-08-28 14:17:20 INFO com.amplix.rpc.igcServer - ** load system config (email sender)
2020-08-28 14:17:20 INFO com.amplix.rpc.igcServer - ** loading assistant bot configurations
2020-08-28 14:17:20 INFO com.amplix.rpc.igcServer - ** load system config (security password rules)
2020-08-28 14:17:20 INFO com.amplix.rpc.igcServer - ** load system config (system loglevel)
2020-08-28 14:17:20 INFO com.amplix.rpc.igcServer - logger ==== INFO
2020-08-28 14:17:20 WARN com.amplix.rpc.igcServer - logger ==== WARN
2020-08-28 14:17:20 ERROR com.amplix.rpc.igcServer - logger ==== ERROR
2020-08-28 14:17:20 INFO com.amplix.rpc.igcServer - ** load system config (sso modules)
2020-08-28 14:17:20 INFO com.amplix.rpc.igcServer -   --- sso module Amplix Guest Auth(dbsync)
2020-08-28 14:17:20 INFO com.amplix.rpc.igcServer -   --- sso module Foodmart Guest Auth(foodmart)
2020-08-28 14:17:20 INFO com.amplix.rpc.igcServer -   --- sso module Oracle EBS(oracle_ebs)
2020-08-28 14:17:20 INFO com.amplix.rpc.igcServer -   --- sso module Apache LDAP(apache_ldap)
2020-08-28 14:17:20 ERROR com.amplix.I.H.F - error on db connection mgr, register database driver : 
2020-08-28 14:17:20 ERROR com.amplix.I.H.F - [IGCBASE] Can't register JDBC driver: , Exception: java.lang.ClassNotFoundException: 
java.lang.ClassNotFoundException: 
	at java.lang.Class.forName0(Native Method)
	at java.lang.Class.forName(Class.java:264)
	at com.amplix.I.H.F.A(Unknown Source)
	at com.amplix.rpc.igcServer.A(Unknown Source)
	at com.amplix.rpc.igcServer.E(Unknown Source)
	at com.amplix.rpc.igcRpc.init(Unknown Source)
	at javax.servlet.GenericServlet.init(GenericServlet.java:158)
	at org.apache.catalina.core.StandardWrapper.initServlet(StandardWrapper.java:1134)
	at org.apache.catalina.core.StandardWrapper.loadServlet(StandardWrapper.java:1089)
	at org.apache.catalina.core.StandardWrapper.load(StandardWrapper.java:983)
	at org.apache.catalina.core.StandardContext.loadOnStartup(StandardContext.java:4864)
	at org.apache.catalina.core.StandardContext.startInternal(StandardContext.java:5173)
	at org.apache.catalina.util.LifecycleBase.start(LifecycleBase.java:183)
	at org.apache.catalina.core.ContainerBase$StartChild.call(ContainerBase.java:1384)
	at org.apache.catalina.core.ContainerBase$StartChild.call(ContainerBase.java:1374)
	at java.util.concurrent.FutureTask.run(FutureTask.java:266)
	at org.apache.tomcat.util.threads.InlineExecutorService.execute(InlineExecutorService.java:75)
	at java.util.concurrent.AbstractExecutorService.submit(AbstractExecutorService.java:134)
	at org.apache.catalina.core.ContainerBase.startInternal(ContainerBase.java:909)
	at org.apache.catalina.core.StandardHost.startInternal(StandardHost.java:841)
	at org.apache.catalina.util.LifecycleBase.start(LifecycleBase.java:183)
	at org.apache.catalina.core.ContainerBase$StartChild.call(ContainerBase.java:1384)
	at org.apache.catalina.core.ContainerBase$StartChild.call(ContainerBase.java:1374)
	at java.util.concurrent.FutureTask.run(FutureTask.java:266)
	at org.apache.tomcat.util.threads.InlineExecutorService.execute(InlineExecutorService.java:75)
	at java.util.concurrent.AbstractExecutorService.submit(AbstractExecutorService.java:134)
	at org.apache.catalina.core.ContainerBase.startInternal(ContainerBase.java:909)
	at org.apache.catalina.core.StandardEngine.startInternal(StandardEngine.java:262)
	at org.apache.catalina.util.LifecycleBase.start(LifecycleBase.java:183)
	at org.apache.catalina.core.StandardService.startInternal(StandardService.java:421)
	at org.apache.catalina.util.LifecycleBase.start(LifecycleBase.java:183)
	at org.apache.catalina.core.StandardServer.startInternal(StandardServer.java:930)
	at org.apache.catalina.util.LifecycleBase.start(LifecycleBase.java:183)
	at org.apache.catalina.startup.Tomcat.start(Tomcat.java:468)
	at com.amplix.launcher.ServerService.start(ServerService.java:175)
	at com.amplix.launcher.ServerService.main(ServerService.java:477)
2020-08-28 14:17:20 INFO com.amplix.I.H.F - + Initialized database pool IGCBASE
2020-08-28 14:17:21 ERROR com.amplix.I.H.C - error on poolable dataconnection : try count 0
java.sql.SQLException: Cannot create JDBC driver of class '' for connect URL ''
	at org.apache.tomcat.dbcp.dbcp2.BasicDataSource.createConnectionFactory(BasicDataSource.java:510)
	at org.apache.tomcat.dbcp.dbcp2.BasicDataSource.createDataSource(BasicDataSource.java:599)
	at org.apache.tomcat.dbcp.dbcp2.BasicDataSource.getConnection(BasicDataSource.java:809)
	at com.amplix.I.H.C.C(Unknown Source)
	at com.amplix.I.H.C.B(Unknown Source)
	at com.amplix.I.H.F.A(Unknown Source)
	at com.amplix.I.H.F.A(Unknown Source)
	at com.amplix.I.H.F.B(Unknown Source)
	at com.amplix.rpc.igcServer.A(Unknown Source)
	at com.amplix.rpc.igcServer.E(Unknown Source)
	at com.amplix.rpc.igcRpc.init(Unknown Source)
	at javax.servlet.GenericServlet.init(GenericServlet.java:158)
	at org.apache.catalina.core.StandardWrapper.initServlet(StandardWrapper.java:1134)
	at org.apache.catalina.core.StandardWrapper.loadServlet(StandardWrapper.java:1089)
	at org.apache.catalina.core.StandardWrapper.load(StandardWrapper.java:983)
	at org.apache.catalina.core.StandardContext.loadOnStartup(StandardContext.java:4864)
	at org.apache.catalina.core.StandardContext.startInternal(StandardContext.java:5173)
	at org.apache.catalina.util.LifecycleBase.start(LifecycleBase.java:183)
	at org.apache.catalina.core.ContainerBase$StartChild.call(ContainerBase.java:1384)
	at org.apache.catalina.core.ContainerBase$StartChild.call(ContainerBase.java:1374)
	at java.util.concurrent.FutureTask.run(FutureTask.java:266)
	at org.apache.tomcat.util.threads.InlineExecutorService.execute(InlineExecutorService.java:75)
	at java.util.concurrent.AbstractExecutorService.submit(AbstractExecutorService.java:134)
	at org.apache.catalina.core.ContainerBase.startInternal(ContainerBase.java:909)
	at org.apache.catalina.core.StandardHost.startInternal(StandardHost.java:841)
	at org.apache.catalina.util.LifecycleBase.start(LifecycleBase.java:183)
	at org.apache.catalina.core.ContainerBase$StartChild.call(ContainerBase.java:1384)
	at org.apache.catalina.core.ContainerBase$StartChild.call(ContainerBase.java:1374)
	at java.util.concurrent.FutureTask.run(FutureTask.java:266)
	at org.apache.tomcat.util.threads.InlineExecutorService.execute(InlineExecutorService.java:75)
	at java.util.concurrent.AbstractExecutorService.submit(AbstractExecutorService.java:134)
	at org.apache.catalina.core.ContainerBase.startInternal(ContainerBase.java:909)
	at org.apache.catalina.core.StandardEngine.startInternal(StandardEngine.java:262)
	at org.apache.catalina.util.LifecycleBase.start(LifecycleBase.java:183)
	at org.apache.catalina.core.StandardService.startInternal(StandardService.java:421)
	at org.apache.catalina.util.LifecycleBase.start(LifecycleBase.java:183)
	at org.apache.catalina.core.StandardServer.startInternal(StandardServer.java:930)
	at org.apache.catalina.util.LifecycleBase.start(LifecycleBase.java:183)
	at org.apache.catalina.startup.Tomcat.start(Tomcat.java:468)
	at com.amplix.launcher.ServerService.start(ServerService.java:175)
	at com.amplix.launcher.ServerService.main(ServerService.java:477)
Caused by: java.sql.SQLException: No suitable driver
	at java.sql.DriverManager.getDriver(DriverManager.java:315)
	at org.apache.tomcat.dbcp.dbcp2.BasicDataSource.createConnectionFactory(BasicDataSource.java:495)
	... 40 common frames omitted
2020-08-28 14:17:21 ERROR com.amplix.I.H.C - Can't create a new connection for 
java.sql.SQLException: Cannot create JDBC driver of class '' for connect URL ''
	at org.apache.tomcat.dbcp.dbcp2.BasicDataSource.createConnectionFactory(BasicDataSource.java:510)
	at org.apache.tomcat.dbcp.dbcp2.BasicDataSource.createDataSource(BasicDataSource.java:599)
	at org.apache.tomcat.dbcp.dbcp2.BasicDataSource.getConnection(BasicDataSource.java:809)
	at com.amplix.I.H.C.C(Unknown Source)
	at com.amplix.I.H.C.B(Unknown Source)
	at com.amplix.I.H.F.A(Unknown Source)
	at com.amplix.I.H.F.A(Unknown Source)
	at com.amplix.I.H.F.B(Unknown Source)
	at com.amplix.rpc.igcServer.A(Unknown Source)
	at com.amplix.rpc.igcServer.E(Unknown Source)
	at com.amplix.rpc.igcRpc.init(Unknown Source)
	at javax.servlet.GenericServlet.init(GenericServlet.java:158)
	at org.apache.catalina.core.StandardWrapper.initServlet(StandardWrapper.java:1134)
	at org.apache.catalina.core.StandardWrapper.loadServlet(StandardWrapper.java:1089)
	at org.apache.catalina.core.StandardWrapper.load(StandardWrapper.java:983)
	at org.apache.catalina.core.StandardContext.loadOnStartup(StandardContext.java:4864)
	at org.apache.catalina.core.StandardContext.startInternal(StandardContext.java:5173)
	at org.apache.catalina.util.LifecycleBase.start(LifecycleBase.java:183)
	at org.apache.catalina.core.ContainerBase$StartChild.call(ContainerBase.java:1384)
	at org.apache.catalina.core.ContainerBase$StartChild.call(ContainerBase.java:1374)
	at java.util.concurrent.FutureTask.run(FutureTask.java:266)
	at org.apache.tomcat.util.threads.InlineExecutorService.execute(InlineExecutorService.java:75)
	at java.util.concurrent.AbstractExecutorService.submit(AbstractExecutorService.java:134)
	at org.apache.catalina.core.ContainerBase.startInternal(ContainerBase.java:909)
	at org.apache.catalina.core.StandardHost.startInternal(StandardHost.java:841)
	at org.apache.catalina.util.LifecycleBase.start(LifecycleBase.java:183)
	at org.apache.catalina.core.ContainerBase$StartChild.call(ContainerBase.java:1384)
	at org.apache.catalina.core.ContainerBase$StartChild.call(ContainerBase.java:1374)
	at java.util.concurrent.FutureTask.run(FutureTask.java:266)
	at org.apache.tomcat.util.threads.InlineExecutorService.execute(InlineExecutorService.java:75)
	at java.util.concurrent.AbstractExecutorService.submit(AbstractExecutorService.java:134)
	at org.apache.catalina.core.ContainerBase.startInternal(ContainerBase.java:909)
	at org.apache.catalina.core.StandardEngine.startInternal(StandardEngine.java:262)
	at org.apache.catalina.util.LifecycleBase.start(LifecycleBase.java:183)
	at org.apache.catalina.core.StandardService.startInternal(StandardService.java:421)
	at org.apache.catalina.util.LifecycleBase.start(LifecycleBase.java:183)
	at org.apache.catalina.core.StandardServer.startInternal(StandardServer.java:930)
	at org.apache.catalina.util.LifecycleBase.start(LifecycleBase.java:183)
	at org.apache.catalina.startup.Tomcat.start(Tomcat.java:468)
	at com.amplix.launcher.ServerService.start(ServerService.java:175)
	at com.amplix.launcher.ServerService.main(ServerService.java:477)
Caused by: java.sql.SQLException: No suitable driver
	at java.sql.DriverManager.getDriver(DriverManager.java:315)
	at org.apache.tomcat.dbcp.dbcp2.BasicDataSource.createConnectionFactory(BasicDataSource.java:495)
	... 40 common frames omitted
2020-08-28 14:17:21 ERROR com.amplix.I.H.C - Error on connecting datasource
java.sql.SQLException: Cannot create JDBC driver of class '' for connect URL ''
	at org.apache.tomcat.dbcp.dbcp2.BasicDataSource.createConnectionFactory(BasicDataSource.java:510)
	at org.apache.tomcat.dbcp.dbcp2.BasicDataSource.createDataSource(BasicDataSource.java:599)
	at org.apache.tomcat.dbcp.dbcp2.BasicDataSource.getConnection(BasicDataSource.java:809)
	at com.amplix.I.H.C.C(Unknown Source)
	at com.amplix.I.H.C.B(Unknown Source)
	at com.amplix.I.H.F.A(Unknown Source)
	at com.amplix.I.H.F.A(Unknown Source)
	at com.amplix.I.H.F.B(Unknown Source)
	at com.amplix.rpc.igcServer.A(Unknown Source)
	at com.amplix.rpc.igcServer.E(Unknown Source)
	at com.amplix.rpc.igcRpc.init(Unknown Source)
	at javax.servlet.GenericServlet.init(GenericServlet.java:158)
	at org.apache.catalina.core.StandardWrapper.initServlet(StandardWrapper.java:1134)
	at org.apache.catalina.core.StandardWrapper.loadServlet(StandardWrapper.java:1089)
	at org.apache.catalina.core.StandardWrapper.load(StandardWrapper.java:983)
	at org.apache.catalina.core.StandardContext.loadOnStartup(StandardContext.java:4864)
	at org.apache.catalina.core.StandardContext.startInternal(StandardContext.java:5173)
	at org.apache.catalina.util.LifecycleBase.start(LifecycleBase.java:183)
	at org.apache.catalina.core.ContainerBase$StartChild.call(ContainerBase.java:1384)
	at org.apache.catalina.core.ContainerBase$StartChild.call(ContainerBase.java:1374)
	at java.util.concurrent.FutureTask.run(FutureTask.java:266)
	at org.apache.tomcat.util.threads.InlineExecutorService.execute(InlineExecutorService.java:75)
	at java.util.concurrent.AbstractExecutorService.submit(AbstractExecutorService.java:134)
	at org.apache.catalina.core.ContainerBase.startInternal(ContainerBase.java:909)
	at org.apache.catalina.core.StandardHost.startInternal(StandardHost.java:841)
	at org.apache.catalina.util.LifecycleBase.start(LifecycleBase.java:183)
	at org.apache.catalina.core.ContainerBase$StartChild.call(ContainerBase.java:1384)
	at org.apache.catalina.core.ContainerBase$StartChild.call(ContainerBase.java:1374)
	at java.util.concurrent.FutureTask.run(FutureTask.java:266)
	at org.apache.tomcat.util.threads.InlineExecutorService.execute(InlineExecutorService.java:75)
	at java.util.concurrent.AbstractExecutorService.submit(AbstractExecutorService.java:134)
	at org.apache.catalina.core.ContainerBase.startInternal(ContainerBase.java:909)
	at org.apache.catalina.core.StandardEngine.startInternal(StandardEngine.java:262)
	at org.apache.catalina.util.LifecycleBase.start(LifecycleBase.java:183)
	at org.apache.catalina.core.StandardService.startInternal(StandardService.java:421)
	at org.apache.catalina.util.LifecycleBase.start(LifecycleBase.java:183)
	at org.apache.catalina.core.StandardServer.startInternal(StandardServer.java:930)
	at org.apache.catalina.util.LifecycleBase.start(LifecycleBase.java:183)
	at org.apache.catalina.startup.Tomcat.start(Tomcat.java:468)
	at com.amplix.launcher.ServerService.start(ServerService.java:175)
	at com.amplix.launcher.ServerService.main(ServerService.java:477)
Caused by: java.sql.SQLException: No suitable driver
	at java.sql.DriverManager.getDriver(DriverManager.java:315)
	at org.apache.tomcat.dbcp.dbcp2.BasicDataSource.createConnectionFactory(BasicDataSource.java:495)
	... 40 common frames omitted
2020-08-28 14:17:21 ERROR com.amplix.rpc.igcServer - Error while check the meta data tables Cannot create JDBC driver of class '' for connect URL ''
java.sql.SQLException: Cannot create JDBC driver of class '' for connect URL ''
	at org.apache.tomcat.dbcp.dbcp2.BasicDataSource.createConnectionFactory(BasicDataSource.java:510)
	at org.apache.tomcat.dbcp.dbcp2.BasicDataSource.createDataSource(BasicDataSource.java:599)
	at org.apache.tomcat.dbcp.dbcp2.BasicDataSource.getConnection(BasicDataSource.java:809)
	at com.amplix.I.H.C.C(Unknown Source)
	at com.amplix.I.H.C.B(Unknown Source)
	at com.amplix.I.H.F.A(Unknown Source)
	at com.amplix.I.H.F.A(Unknown Source)
	at com.amplix.I.H.F.B(Unknown Source)
	at com.amplix.rpc.igcServer.A(Unknown Source)
	at com.amplix.rpc.igcServer.E(Unknown Source)
	at com.amplix.rpc.igcRpc.init(Unknown Source)
	at javax.servlet.GenericServlet.init(GenericServlet.java:158)
	at org.apache.catalina.core.StandardWrapper.initServlet(StandardWrapper.java:1134)
	at org.apache.catalina.core.StandardWrapper.loadServlet(StandardWrapper.java:1089)
	at org.apache.catalina.core.StandardWrapper.load(StandardWrapper.java:983)
	at org.apache.catalina.core.StandardContext.loadOnStartup(StandardContext.java:4864)
	at org.apache.catalina.core.StandardContext.startInternal(StandardContext.java:5173)
	at org.apache.catalina.util.LifecycleBase.start(LifecycleBase.java:183)
	at org.apache.catalina.core.ContainerBase$StartChild.call(ContainerBase.java:1384)
	at org.apache.catalina.core.ContainerBase$StartChild.call(ContainerBase.java:1374)
	at java.util.concurrent.FutureTask.run(FutureTask.java:266)
	at org.apache.tomcat.util.threads.InlineExecutorService.execute(InlineExecutorService.java:75)
	at java.util.concurrent.AbstractExecutorService.submit(AbstractExecutorService.java:134)
	at org.apache.catalina.core.ContainerBase.startInternal(ContainerBase.java:909)
	at org.apache.catalina.core.StandardHost.startInternal(StandardHost.java:841)
	at org.apache.catalina.util.LifecycleBase.start(LifecycleBase.java:183)
	at org.apache.catalina.core.ContainerBase$StartChild.call(ContainerBase.java:1384)
	at org.apache.catalina.core.ContainerBase$StartChild.call(ContainerBase.java:1374)
	at java.util.concurrent.FutureTask.run(FutureTask.java:266)
	at org.apache.tomcat.util.threads.InlineExecutorService.execute(InlineExecutorService.java:75)
	at java.util.concurrent.AbstractExecutorService.submit(AbstractExecutorService.java:134)
	at org.apache.catalina.core.ContainerBase.startInternal(ContainerBase.java:909)
	at org.apache.catalina.core.StandardEngine.startInternal(StandardEngine.java:262)
	at org.apache.catalina.util.LifecycleBase.start(LifecycleBase.java:183)
	at org.apache.catalina.core.StandardService.startInternal(StandardService.java:421)
	at org.apache.catalina.util.LifecycleBase.start(LifecycleBase.java:183)
	at org.apache.catalina.core.StandardServer.startInternal(StandardServer.java:930)
	at org.apache.catalina.util.LifecycleBase.start(LifecycleBase.java:183)
	at org.apache.catalina.startup.Tomcat.start(Tomcat.java:468)
	at com.amplix.launcher.ServerService.start(ServerService.java:175)
	at com.amplix.launcher.ServerService.main(ServerService.java:477)
Caused by: java.sql.SQLException: No suitable driver
	at java.sql.DriverManager.getDriver(DriverManager.java:315)
	at org.apache.tomcat.dbcp.dbcp2.BasicDataSource.createConnectionFactory(BasicDataSource.java:495)
	... 40 common frames omitted
2020-08-28 14:17:21 ERROR com.amplix.rpc.igcRpc - initialization process failed: 
java.sql.SQLException: Cannot create JDBC driver of class '' for connect URL ''
	at org.apache.tomcat.dbcp.dbcp2.BasicDataSource.createConnectionFactory(BasicDataSource.java:510)
	at org.apache.tomcat.dbcp.dbcp2.BasicDataSource.createDataSource(BasicDataSource.java:599)
	at org.apache.tomcat.dbcp.dbcp2.BasicDataSource.getConnection(BasicDataSource.java:809)
	at com.amplix.I.H.C.C(Unknown Source)
	at com.amplix.I.H.C.B(Unknown Source)
	at com.amplix.I.H.F.A(Unknown Source)
	at com.amplix.I.H.F.A(Unknown Source)
	at com.amplix.I.H.F.B(Unknown Source)
	at com.amplix.rpc.igcServer.A(Unknown Source)
	at com.amplix.rpc.igcServer.E(Unknown Source)
	at com.amplix.rpc.igcRpc.init(Unknown Source)
	at javax.servlet.GenericServlet.init(GenericServlet.java:158)
	at org.apache.catalina.core.StandardWrapper.initServlet(StandardWrapper.java:1134)
	at org.apache.catalina.core.StandardWrapper.loadServlet(StandardWrapper.java:1089)
	at org.apache.catalina.core.StandardWrapper.load(StandardWrapper.java:983)
	at org.apache.catalina.core.StandardContext.loadOnStartup(StandardContext.java:4864)
	at org.apache.catalina.core.StandardContext.startInternal(StandardContext.java:5173)
	at org.apache.catalina.util.LifecycleBase.start(LifecycleBase.java:183)
	at org.apache.catalina.core.ContainerBase$StartChild.call(ContainerBase.java:1384)
	at org.apache.catalina.core.ContainerBase$StartChild.call(ContainerBase.java:1374)
	at java.util.concurrent.FutureTask.run(FutureTask.java:266)
	at org.apache.tomcat.util.threads.InlineExecutorService.execute(InlineExecutorService.java:75)
	at java.util.concurrent.AbstractExecutorService.submit(AbstractExecutorService.java:134)
	at org.apache.catalina.core.ContainerBase.startInternal(ContainerBase.java:909)
	at org.apache.catalina.core.StandardHost.startInternal(StandardHost.java:841)
	at org.apache.catalina.util.LifecycleBase.start(LifecycleBase.java:183)
	at org.apache.catalina.core.ContainerBase$StartChild.call(ContainerBase.java:1384)
	at org.apache.catalina.core.ContainerBase$StartChild.call(ContainerBase.java:1374)
	at java.util.concurrent.FutureTask.run(FutureTask.java:266)
	at org.apache.tomcat.util.threads.InlineExecutorService.execute(InlineExecutorService.java:75)
	at java.util.concurrent.AbstractExecutorService.submit(AbstractExecutorService.java:134)
	at org.apache.catalina.core.ContainerBase.startInternal(ContainerBase.java:909)
	at org.apache.catalina.core.StandardEngine.startInternal(StandardEngine.java:262)
	at org.apache.catalina.util.LifecycleBase.start(LifecycleBase.java:183)
	at org.apache.catalina.core.StandardService.startInternal(StandardService.java:421)
	at org.apache.catalina.util.LifecycleBase.start(LifecycleBase.java:183)
	at org.apache.catalina.core.StandardServer.startInternal(StandardServer.java:930)
	at org.apache.catalina.util.LifecycleBase.start(LifecycleBase.java:183)
	at org.apache.catalina.startup.Tomcat.start(Tomcat.java:468)
	at com.amplix.launcher.ServerService.start(ServerService.java:175)
	at com.amplix.launcher.ServerService.main(ServerService.java:477)
Caused by: java.sql.SQLException: No suitable driver
	at java.sql.DriverManager.getDriver(DriverManager.java:315)
	at org.apache.tomcat.dbcp.dbcp2.BasicDataSource.createConnectionFactory(BasicDataSource.java:495)
	... 40 common frames omitted
2020-08-28 14:18:00 INFO com.amplix.rpc.igcRpc - **********************************************
2020-08-28 14:18:00 INFO com.amplix.rpc.igcRpc - **** Starting amplix WEB Application ********
2020-08-28 14:18:00 INFO com.amplix.rpc.igcRpc - **********************************************
2020-08-28 14:18:00 INFO com.amplix.rpc.igcRpc - **********************************************
2020-08-28 14:18:00 INFO com.amplix.rpc.igcRpc -  application loading from : /Users/parabellum/workspace/_boguenon/amplix/
2020-08-28 14:18:00 INFO com.amplix.rpc.igcRpc -  application context from : /Users/parabellum/workspace/_boguenon/amplix/webapp/:
2020-08-28 14:18:00 INFO com.amplix.rpc.igcRpc - ** creating web application instance!
2020-08-28 14:18:00 INFO com.amplix.rpc.igcServer - Start get environment file (servlet)
2020-08-28 14:18:00 INFO com.amplix.rpc.igcServer - Getting License config file
2020-08-28 14:18:00 INFO com.amplix.rpc.igcServer - Getting License data file
2020-08-28 14:18:00 INFO com.amplix.rpc.igcServer - Load XML config file
2020-08-28 14:18:00 INFO com.amplix.I.A.S - >> loading database configuration : null
2020-08-28 14:18:00 INFO com.amplix.rpc.igcServer - ** load system config (reading configuration from file)
2020-08-28 14:18:00 INFO com.amplix.rpc.igcServer - ** load system config (security snoozing and webserver protection)
2020-08-28 14:18:00 INFO com.amplix.rpc.igcServer - ** load system config (security fileupload limit)
2020-08-28 14:18:00 INFO com.amplix.rpc.igcServer - ** load system config (h2 loader)
2020-08-28 14:18:00 INFO com.amplix.rpc.igcServer - ** load system config (python information)
2020-08-28 14:18:00 INFO com.amplix.rpc.igcServer - ** load system config (metacontent mirroring)
2020-08-28 14:18:00 INFO com.amplix.rpc.igcServer - ** load system config (email sender)
2020-08-28 14:18:00 INFO com.amplix.rpc.igcServer - ** loading assistant bot configurations
2020-08-28 14:18:00 INFO com.amplix.rpc.igcServer - ** load system config (security password rules)
2020-08-28 14:18:00 INFO com.amplix.rpc.igcServer - ** load system config (system loglevel)
2020-08-28 14:18:00 INFO com.amplix.rpc.igcServer - logger ==== INFO
2020-08-28 14:18:00 WARN com.amplix.rpc.igcServer - logger ==== WARN
2020-08-28 14:18:00 ERROR com.amplix.rpc.igcServer - logger ==== ERROR
2020-08-28 14:18:00 INFO com.amplix.rpc.igcServer - ** load system config (sso modules)
2020-08-28 14:18:00 INFO com.amplix.rpc.igcServer -   --- sso module Amplix Guest Auth(dbsync)
2020-08-28 14:18:00 INFO com.amplix.rpc.igcServer -   --- sso module Foodmart Guest Auth(foodmart)
2020-08-28 14:18:00 INFO com.amplix.rpc.igcServer -   --- sso module Oracle EBS(oracle_ebs)
2020-08-28 14:18:00 INFO com.amplix.rpc.igcServer -   --- sso module Apache LDAP(apache_ldap)
2020-08-28 14:18:00 ERROR com.amplix.I.H.F - error on db connection mgr, register database driver : 
2020-08-28 14:18:00 ERROR com.amplix.I.H.F - [IGCBASE] Can't register JDBC driver: , Exception: java.lang.ClassNotFoundException: 
java.lang.ClassNotFoundException: 
	at java.lang.Class.forName0(Native Method)
	at java.lang.Class.forName(Class.java:264)
	at com.amplix.I.H.F.A(Unknown Source)
	at com.amplix.rpc.igcServer.A(Unknown Source)
	at com.amplix.rpc.igcServer.E(Unknown Source)
	at com.amplix.rpc.igcRpc.init(Unknown Source)
	at javax.servlet.GenericServlet.init(GenericServlet.java:158)
	at org.apache.catalina.core.StandardWrapper.initServlet(StandardWrapper.java:1134)
	at org.apache.catalina.core.StandardWrapper.loadServlet(StandardWrapper.java:1089)
	at org.apache.catalina.core.StandardWrapper.load(StandardWrapper.java:983)
	at org.apache.catalina.core.StandardContext.loadOnStartup(StandardContext.java:4864)
	at org.apache.catalina.core.StandardContext.startInternal(StandardContext.java:5173)
	at org.apache.catalina.util.LifecycleBase.start(LifecycleBase.java:183)
	at org.apache.catalina.core.ContainerBase$StartChild.call(ContainerBase.java:1384)
	at org.apache.catalina.core.ContainerBase$StartChild.call(ContainerBase.java:1374)
	at java.util.concurrent.FutureTask.run(FutureTask.java:266)
	at org.apache.tomcat.util.threads.InlineExecutorService.execute(InlineExecutorService.java:75)
	at java.util.concurrent.AbstractExecutorService.submit(AbstractExecutorService.java:134)
	at org.apache.catalina.core.ContainerBase.startInternal(ContainerBase.java:909)
	at org.apache.catalina.core.StandardHost.startInternal(StandardHost.java:841)
	at org.apache.catalina.util.LifecycleBase.start(LifecycleBase.java:183)
	at org.apache.catalina.core.ContainerBase$StartChild.call(ContainerBase.java:1384)
	at org.apache.catalina.core.ContainerBase$StartChild.call(ContainerBase.java:1374)
	at java.util.concurrent.FutureTask.run(FutureTask.java:266)
	at org.apache.tomcat.util.threads.InlineExecutorService.execute(InlineExecutorService.java:75)
	at java.util.concurrent.AbstractExecutorService.submit(AbstractExecutorService.java:134)
	at org.apache.catalina.core.ContainerBase.startInternal(ContainerBase.java:909)
	at org.apache.catalina.core.StandardEngine.startInternal(StandardEngine.java:262)
	at org.apache.catalina.util.LifecycleBase.start(LifecycleBase.java:183)
	at org.apache.catalina.core.StandardService.startInternal(StandardService.java:421)
	at org.apache.catalina.util.LifecycleBase.start(LifecycleBase.java:183)
	at org.apache.catalina.core.StandardServer.startInternal(StandardServer.java:930)
	at org.apache.catalina.util.LifecycleBase.start(LifecycleBase.java:183)
	at org.apache.catalina.startup.Tomcat.start(Tomcat.java:468)
	at com.amplix.launcher.ServerService.start(ServerService.java:175)
	at com.amplix.launcher.ServerService.main(ServerService.java:477)
2020-08-28 14:18:00 INFO com.amplix.I.H.F - + Initialized database pool IGCBASE
2020-08-28 14:18:01 ERROR com.amplix.I.H.C - error on poolable dataconnection : try count 0
java.sql.SQLException: Cannot create JDBC driver of class '' for connect URL ''
	at org.apache.tomcat.dbcp.dbcp2.BasicDataSource.createConnectionFactory(BasicDataSource.java:510)
	at org.apache.tomcat.dbcp.dbcp2.BasicDataSource.createDataSource(BasicDataSource.java:599)
	at org.apache.tomcat.dbcp.dbcp2.BasicDataSource.getConnection(BasicDataSource.java:809)
	at com.amplix.I.H.C.C(Unknown Source)
	at com.amplix.I.H.C.B(Unknown Source)
	at com.amplix.I.H.F.A(Unknown Source)
	at com.amplix.I.H.F.A(Unknown Source)
	at com.amplix.I.H.F.B(Unknown Source)
	at com.amplix.rpc.igcServer.A(Unknown Source)
	at com.amplix.rpc.igcServer.E(Unknown Source)
	at com.amplix.rpc.igcRpc.init(Unknown Source)
	at javax.servlet.GenericServlet.init(GenericServlet.java:158)
	at org.apache.catalina.core.StandardWrapper.initServlet(StandardWrapper.java:1134)
	at org.apache.catalina.core.StandardWrapper.loadServlet(StandardWrapper.java:1089)
	at org.apache.catalina.core.StandardWrapper.load(StandardWrapper.java:983)
	at org.apache.catalina.core.StandardContext.loadOnStartup(StandardContext.java:4864)
	at org.apache.catalina.core.StandardContext.startInternal(StandardContext.java:5173)
	at org.apache.catalina.util.LifecycleBase.start(LifecycleBase.java:183)
	at org.apache.catalina.core.ContainerBase$StartChild.call(ContainerBase.java:1384)
	at org.apache.catalina.core.ContainerBase$StartChild.call(ContainerBase.java:1374)
	at java.util.concurrent.FutureTask.run(FutureTask.java:266)
	at org.apache.tomcat.util.threads.InlineExecutorService.execute(InlineExecutorService.java:75)
	at java.util.concurrent.AbstractExecutorService.submit(AbstractExecutorService.java:134)
	at org.apache.catalina.core.ContainerBase.startInternal(ContainerBase.java:909)
	at org.apache.catalina.core.StandardHost.startInternal(StandardHost.java:841)
	at org.apache.catalina.util.LifecycleBase.start(LifecycleBase.java:183)
	at org.apache.catalina.core.ContainerBase$StartChild.call(ContainerBase.java:1384)
	at org.apache.catalina.core.ContainerBase$StartChild.call(ContainerBase.java:1374)
	at java.util.concurrent.FutureTask.run(FutureTask.java:266)
	at org.apache.tomcat.util.threads.InlineExecutorService.execute(InlineExecutorService.java:75)
	at java.util.concurrent.AbstractExecutorService.submit(AbstractExecutorService.java:134)
	at org.apache.catalina.core.ContainerBase.startInternal(ContainerBase.java:909)
	at org.apache.catalina.core.StandardEngine.startInternal(StandardEngine.java:262)
	at org.apache.catalina.util.LifecycleBase.start(LifecycleBase.java:183)
	at org.apache.catalina.core.StandardService.startInternal(StandardService.java:421)
	at org.apache.catalina.util.LifecycleBase.start(LifecycleBase.java:183)
	at org.apache.catalina.core.StandardServer.startInternal(StandardServer.java:930)
	at org.apache.catalina.util.LifecycleBase.start(LifecycleBase.java:183)
	at org.apache.catalina.startup.Tomcat.start(Tomcat.java:468)
	at com.amplix.launcher.ServerService.start(ServerService.java:175)
	at com.amplix.launcher.ServerService.main(ServerService.java:477)
Caused by: java.sql.SQLException: No suitable driver
	at java.sql.DriverManager.getDriver(DriverManager.java:315)
	at org.apache.tomcat.dbcp.dbcp2.BasicDataSource.createConnectionFactory(BasicDataSource.java:495)
	... 40 common frames omitted
2020-08-28 14:18:01 ERROR com.amplix.I.H.C - Can't create a new connection for 
java.sql.SQLException: Cannot create JDBC driver of class '' for connect URL ''
	at org.apache.tomcat.dbcp.dbcp2.BasicDataSource.createConnectionFactory(BasicDataSource.java:510)
	at org.apache.tomcat.dbcp.dbcp2.BasicDataSource.createDataSource(BasicDataSource.java:599)
	at org.apache.tomcat.dbcp.dbcp2.BasicDataSource.getConnection(BasicDataSource.java:809)
	at com.amplix.I.H.C.C(Unknown Source)
	at com.amplix.I.H.C.B(Unknown Source)
	at com.amplix.I.H.F.A(Unknown Source)
	at com.amplix.I.H.F.A(Unknown Source)
	at com.amplix.I.H.F.B(Unknown Source)
	at com.amplix.rpc.igcServer.A(Unknown Source)
	at com.amplix.rpc.igcServer.E(Unknown Source)
	at com.amplix.rpc.igcRpc.init(Unknown Source)
	at javax.servlet.GenericServlet.init(GenericServlet.java:158)
	at org.apache.catalina.core.StandardWrapper.initServlet(StandardWrapper.java:1134)
	at org.apache.catalina.core.StandardWrapper.loadServlet(StandardWrapper.java:1089)
	at org.apache.catalina.core.StandardWrapper.load(StandardWrapper.java:983)
	at org.apache.catalina.core.StandardContext.loadOnStartup(StandardContext.java:4864)
	at org.apache.catalina.core.StandardContext.startInternal(StandardContext.java:5173)
	at org.apache.catalina.util.LifecycleBase.start(LifecycleBase.java:183)
	at org.apache.catalina.core.ContainerBase$StartChild.call(ContainerBase.java:1384)
	at org.apache.catalina.core.ContainerBase$StartChild.call(ContainerBase.java:1374)
	at java.util.concurrent.FutureTask.run(FutureTask.java:266)
	at org.apache.tomcat.util.threads.InlineExecutorService.execute(InlineExecutorService.java:75)
	at java.util.concurrent.AbstractExecutorService.submit(AbstractExecutorService.java:134)
	at org.apache.catalina.core.ContainerBase.startInternal(ContainerBase.java:909)
	at org.apache.catalina.core.StandardHost.startInternal(StandardHost.java:841)
	at org.apache.catalina.util.LifecycleBase.start(LifecycleBase.java:183)
	at org.apache.catalina.core.ContainerBase$StartChild.call(ContainerBase.java:1384)
	at org.apache.catalina.core.ContainerBase$StartChild.call(ContainerBase.java:1374)
	at java.util.concurrent.FutureTask.run(FutureTask.java:266)
	at org.apache.tomcat.util.threads.InlineExecutorService.execute(InlineExecutorService.java:75)
	at java.util.concurrent.AbstractExecutorService.submit(AbstractExecutorService.java:134)
	at org.apache.catalina.core.ContainerBase.startInternal(ContainerBase.java:909)
	at org.apache.catalina.core.StandardEngine.startInternal(StandardEngine.java:262)
	at org.apache.catalina.util.LifecycleBase.start(LifecycleBase.java:183)
	at org.apache.catalina.core.StandardService.startInternal(StandardService.java:421)
	at org.apache.catalina.util.LifecycleBase.start(LifecycleBase.java:183)
	at org.apache.catalina.core.StandardServer.startInternal(StandardServer.java:930)
	at org.apache.catalina.util.LifecycleBase.start(LifecycleBase.java:183)
	at org.apache.catalina.startup.Tomcat.start(Tomcat.java:468)
	at com.amplix.launcher.ServerService.start(ServerService.java:175)
	at com.amplix.launcher.ServerService.main(ServerService.java:477)
Caused by: java.sql.SQLException: No suitable driver
	at java.sql.DriverManager.getDriver(DriverManager.java:315)
	at org.apache.tomcat.dbcp.dbcp2.BasicDataSource.createConnectionFactory(BasicDataSource.java:495)
	... 40 common frames omitted
2020-08-28 14:18:01 ERROR com.amplix.I.H.C - Error on connecting datasource
java.sql.SQLException: Cannot create JDBC driver of class '' for connect URL ''
	at org.apache.tomcat.dbcp.dbcp2.BasicDataSource.createConnectionFactory(BasicDataSource.java:510)
	at org.apache.tomcat.dbcp.dbcp2.BasicDataSource.createDataSource(BasicDataSource.java:599)
	at org.apache.tomcat.dbcp.dbcp2.BasicDataSource.getConnection(BasicDataSource.java:809)
	at com.amplix.I.H.C.C(Unknown Source)
	at com.amplix.I.H.C.B(Unknown Source)
	at com.amplix.I.H.F.A(Unknown Source)
	at com.amplix.I.H.F.A(Unknown Source)
	at com.amplix.I.H.F.B(Unknown Source)
	at com.amplix.rpc.igcServer.A(Unknown Source)
	at com.amplix.rpc.igcServer.E(Unknown Source)
	at com.amplix.rpc.igcRpc.init(Unknown Source)
	at javax.servlet.GenericServlet.init(GenericServlet.java:158)
	at org.apache.catalina.core.StandardWrapper.initServlet(StandardWrapper.java:1134)
	at org.apache.catalina.core.StandardWrapper.loadServlet(StandardWrapper.java:1089)
	at org.apache.catalina.core.StandardWrapper.load(StandardWrapper.java:983)
	at org.apache.catalina.core.StandardContext.loadOnStartup(StandardContext.java:4864)
	at org.apache.catalina.core.StandardContext.startInternal(StandardContext.java:5173)
	at org.apache.catalina.util.LifecycleBase.start(LifecycleBase.java:183)
	at org.apache.catalina.core.ContainerBase$StartChild.call(ContainerBase.java:1384)
	at org.apache.catalina.core.ContainerBase$StartChild.call(ContainerBase.java:1374)
	at java.util.concurrent.FutureTask.run(FutureTask.java:266)
	at org.apache.tomcat.util.threads.InlineExecutorService.execute(InlineExecutorService.java:75)
	at java.util.concurrent.AbstractExecutorService.submit(AbstractExecutorService.java:134)
	at org.apache.catalina.core.ContainerBase.startInternal(ContainerBase.java:909)
	at org.apache.catalina.core.StandardHost.startInternal(StandardHost.java:841)
	at org.apache.catalina.util.LifecycleBase.start(LifecycleBase.java:183)
	at org.apache.catalina.core.ContainerBase$StartChild.call(ContainerBase.java:1384)
	at org.apache.catalina.core.ContainerBase$StartChild.call(ContainerBase.java:1374)
	at java.util.concurrent.FutureTask.run(FutureTask.java:266)
	at org.apache.tomcat.util.threads.InlineExecutorService.execute(InlineExecutorService.java:75)
	at java.util.concurrent.AbstractExecutorService.submit(AbstractExecutorService.java:134)
	at org.apache.catalina.core.ContainerBase.startInternal(ContainerBase.java:909)
	at org.apache.catalina.core.StandardEngine.startInternal(StandardEngine.java:262)
	at org.apache.catalina.util.LifecycleBase.start(LifecycleBase.java:183)
	at org.apache.catalina.core.StandardService.startInternal(StandardService.java:421)
	at org.apache.catalina.util.LifecycleBase.start(LifecycleBase.java:183)
	at org.apache.catalina.core.StandardServer.startInternal(StandardServer.java:930)
	at org.apache.catalina.util.LifecycleBase.start(LifecycleBase.java:183)
	at org.apache.catalina.startup.Tomcat.start(Tomcat.java:468)
	at com.amplix.launcher.ServerService.start(ServerService.java:175)
	at com.amplix.launcher.ServerService.main(ServerService.java:477)
Caused by: java.sql.SQLException: No suitable driver
	at java.sql.DriverManager.getDriver(DriverManager.java:315)
	at org.apache.tomcat.dbcp.dbcp2.BasicDataSource.createConnectionFactory(BasicDataSource.java:495)
	... 40 common frames omitted
2020-08-28 14:18:01 ERROR com.amplix.rpc.igcServer - Error while check the meta data tables Cannot create JDBC driver of class '' for connect URL ''
java.sql.SQLException: Cannot create JDBC driver of class '' for connect URL ''
	at org.apache.tomcat.dbcp.dbcp2.BasicDataSource.createConnectionFactory(BasicDataSource.java:510)
	at org.apache.tomcat.dbcp.dbcp2.BasicDataSource.createDataSource(BasicDataSource.java:599)
	at org.apache.tomcat.dbcp.dbcp2.BasicDataSource.getConnection(BasicDataSource.java:809)
	at com.amplix.I.H.C.C(Unknown Source)
	at com.amplix.I.H.C.B(Unknown Source)
	at com.amplix.I.H.F.A(Unknown Source)
	at com.amplix.I.H.F.A(Unknown Source)
	at com.amplix.I.H.F.B(Unknown Source)
	at com.amplix.rpc.igcServer.A(Unknown Source)
	at com.amplix.rpc.igcServer.E(Unknown Source)
	at com.amplix.rpc.igcRpc.init(Unknown Source)
	at javax.servlet.GenericServlet.init(GenericServlet.java:158)
	at org.apache.catalina.core.StandardWrapper.initServlet(StandardWrapper.java:1134)
	at org.apache.catalina.core.StandardWrapper.loadServlet(StandardWrapper.java:1089)
	at org.apache.catalina.core.StandardWrapper.load(StandardWrapper.java:983)
	at org.apache.catalina.core.StandardContext.loadOnStartup(StandardContext.java:4864)
	at org.apache.catalina.core.StandardContext.startInternal(StandardContext.java:5173)
	at org.apache.catalina.util.LifecycleBase.start(LifecycleBase.java:183)
	at org.apache.catalina.core.ContainerBase$StartChild.call(ContainerBase.java:1384)
	at org.apache.catalina.core.ContainerBase$StartChild.call(ContainerBase.java:1374)
	at java.util.concurrent.FutureTask.run(FutureTask.java:266)
	at org.apache.tomcat.util.threads.InlineExecutorService.execute(InlineExecutorService.java:75)
	at java.util.concurrent.AbstractExecutorService.submit(AbstractExecutorService.java:134)
	at org.apache.catalina.core.ContainerBase.startInternal(ContainerBase.java:909)
	at org.apache.catalina.core.StandardHost.startInternal(StandardHost.java:841)
	at org.apache.catalina.util.LifecycleBase.start(LifecycleBase.java:183)
	at org.apache.catalina.core.ContainerBase$StartChild.call(ContainerBase.java:1384)
	at org.apache.catalina.core.ContainerBase$StartChild.call(ContainerBase.java:1374)
	at java.util.concurrent.FutureTask.run(FutureTask.java:266)
	at org.apache.tomcat.util.threads.InlineExecutorService.execute(InlineExecutorService.java:75)
	at java.util.concurrent.AbstractExecutorService.submit(AbstractExecutorService.java:134)
	at org.apache.catalina.core.ContainerBase.startInternal(ContainerBase.java:909)
	at org.apache.catalina.core.StandardEngine.startInternal(StandardEngine.java:262)
	at org.apache.catalina.util.LifecycleBase.start(LifecycleBase.java:183)
	at org.apache.catalina.core.StandardService.startInternal(StandardService.java:421)
	at org.apache.catalina.util.LifecycleBase.start(LifecycleBase.java:183)
	at org.apache.catalina.core.StandardServer.startInternal(StandardServer.java:930)
	at org.apache.catalina.util.LifecycleBase.start(LifecycleBase.java:183)
	at org.apache.catalina.startup.Tomcat.start(Tomcat.java:468)
	at com.amplix.launcher.ServerService.start(ServerService.java:175)
	at com.amplix.launcher.ServerService.main(ServerService.java:477)
Caused by: java.sql.SQLException: No suitable driver
	at java.sql.DriverManager.getDriver(DriverManager.java:315)
	at org.apache.tomcat.dbcp.dbcp2.BasicDataSource.createConnectionFactory(BasicDataSource.java:495)
	... 40 common frames omitted
2020-08-28 14:18:01 ERROR com.amplix.rpc.igcRpc - initialization process failed: 
java.sql.SQLException: Cannot create JDBC driver of class '' for connect URL ''
	at org.apache.tomcat.dbcp.dbcp2.BasicDataSource.createConnectionFactory(BasicDataSource.java:510)
	at org.apache.tomcat.dbcp.dbcp2.BasicDataSource.createDataSource(BasicDataSource.java:599)
	at org.apache.tomcat.dbcp.dbcp2.BasicDataSource.getConnection(BasicDataSource.java:809)
	at com.amplix.I.H.C.C(Unknown Source)
	at com.amplix.I.H.C.B(Unknown Source)
	at com.amplix.I.H.F.A(Unknown Source)
	at com.amplix.I.H.F.A(Unknown Source)
	at com.amplix.I.H.F.B(Unknown Source)
	at com.amplix.rpc.igcServer.A(Unknown Source)
	at com.amplix.rpc.igcServer.E(Unknown Source)
	at com.amplix.rpc.igcRpc.init(Unknown Source)
	at javax.servlet.GenericServlet.init(GenericServlet.java:158)
	at org.apache.catalina.core.StandardWrapper.initServlet(StandardWrapper.java:1134)
	at org.apache.catalina.core.StandardWrapper.loadServlet(StandardWrapper.java:1089)
	at org.apache.catalina.core.StandardWrapper.load(StandardWrapper.java:983)
	at org.apache.catalina.core.StandardContext.loadOnStartup(StandardContext.java:4864)
	at org.apache.catalina.core.StandardContext.startInternal(StandardContext.java:5173)
	at org.apache.catalina.util.LifecycleBase.start(LifecycleBase.java:183)
	at org.apache.catalina.core.ContainerBase$StartChild.call(ContainerBase.java:1384)
	at org.apache.catalina.core.ContainerBase$StartChild.call(ContainerBase.java:1374)
	at java.util.concurrent.FutureTask.run(FutureTask.java:266)
	at org.apache.tomcat.util.threads.InlineExecutorService.execute(InlineExecutorService.java:75)
	at java.util.concurrent.AbstractExecutorService.submit(AbstractExecutorService.java:134)
	at org.apache.catalina.core.ContainerBase.startInternal(ContainerBase.java:909)
	at org.apache.catalina.core.StandardHost.startInternal(StandardHost.java:841)
	at org.apache.catalina.util.LifecycleBase.start(LifecycleBase.java:183)
	at org.apache.catalina.core.ContainerBase$StartChild.call(ContainerBase.java:1384)
	at org.apache.catalina.core.ContainerBase$StartChild.call(ContainerBase.java:1374)
	at java.util.concurrent.FutureTask.run(FutureTask.java:266)
	at org.apache.tomcat.util.threads.InlineExecutorService.execute(InlineExecutorService.java:75)
	at java.util.concurrent.AbstractExecutorService.submit(AbstractExecutorService.java:134)
	at org.apache.catalina.core.ContainerBase.startInternal(ContainerBase.java:909)
	at org.apache.catalina.core.StandardEngine.startInternal(StandardEngine.java:262)
	at org.apache.catalina.util.LifecycleBase.start(LifecycleBase.java:183)
	at org.apache.catalina.core.StandardService.startInternal(StandardService.java:421)
	at org.apache.catalina.util.LifecycleBase.start(LifecycleBase.java:183)
	at org.apache.catalina.core.StandardServer.startInternal(StandardServer.java:930)
	at org.apache.catalina.util.LifecycleBase.start(LifecycleBase.java:183)
	at org.apache.catalina.startup.Tomcat.start(Tomcat.java:468)
	at com.amplix.launcher.ServerService.start(ServerService.java:175)
	at com.amplix.launcher.ServerService.main(ServerService.java:477)
Caused by: java.sql.SQLException: No suitable driver
	at java.sql.DriverManager.getDriver(DriverManager.java:315)
	at org.apache.tomcat.dbcp.dbcp2.BasicDataSource.createConnectionFactory(BasicDataSource.java:495)
	... 40 common frames omitted
2020-08-28 14:18:57 INFO com.amplix.rpc.igcRpc - **********************************************
2020-08-28 14:18:57 INFO com.amplix.rpc.igcRpc - **** Starting amplix WEB Application ********
2020-08-28 14:18:57 INFO com.amplix.rpc.igcRpc - **********************************************
2020-08-28 14:18:57 INFO com.amplix.rpc.igcRpc - **********************************************
2020-08-28 14:18:57 INFO com.amplix.rpc.igcRpc -  application loading from : /Users/parabellum/workspace/_boguenon/amplix/
2020-08-28 14:18:57 INFO com.amplix.rpc.igcRpc -  application context from : /Users/parabellum/workspace/_boguenon/amplix/webapp/:
2020-08-28 14:18:57 INFO com.amplix.rpc.igcRpc - ** creating web application instance!
2020-08-28 14:18:57 INFO com.amplix.rpc.igcServer - Start get environment file (servlet)
2020-08-28 14:18:57 INFO com.amplix.rpc.igcServer - Getting License config file
2020-08-28 14:18:57 INFO com.amplix.rpc.igcServer - Getting License data file
2020-08-28 14:18:57 INFO com.amplix.rpc.igcServer - Load XML config file
2020-08-28 14:18:57 INFO com.amplix.I.A.S - >> loading database configuration : null
2020-08-28 14:18:57 INFO com.amplix.rpc.igcServer - ** load system config (reading configuration from file)
2020-08-28 14:18:57 INFO com.amplix.rpc.igcServer - ** load system config (security snoozing and webserver protection)
2020-08-28 14:18:57 INFO com.amplix.rpc.igcServer - ** load system config (security fileupload limit)
2020-08-28 14:18:57 INFO com.amplix.rpc.igcServer - ** load system config (h2 loader)
2020-08-28 14:18:57 INFO com.amplix.rpc.igcServer - ** load system config (python information)
2020-08-28 14:18:57 INFO com.amplix.rpc.igcServer - ** load system config (metacontent mirroring)
2020-08-28 14:18:57 INFO com.amplix.rpc.igcServer - ** load system config (email sender)
2020-08-28 14:18:57 INFO com.amplix.rpc.igcServer - ** loading assistant bot configurations
2020-08-28 14:18:57 INFO com.amplix.rpc.igcServer - ** load system config (security password rules)
2020-08-28 14:18:58 INFO com.amplix.rpc.igcServer - ** load system config (system loglevel)
2020-08-28 14:18:58 INFO com.amplix.rpc.igcServer - logger ==== INFO
2020-08-28 14:18:58 WARN com.amplix.rpc.igcServer - logger ==== WARN
2020-08-28 14:18:58 ERROR com.amplix.rpc.igcServer - logger ==== ERROR
2020-08-28 14:18:58 INFO com.amplix.rpc.igcServer - ** load system config (sso modules)
2020-08-28 14:18:58 INFO com.amplix.rpc.igcServer -   --- sso module Amplix Guest Auth(dbsync)
2020-08-28 14:18:58 INFO com.amplix.rpc.igcServer -   --- sso module Foodmart Guest Auth(foodmart)
2020-08-28 14:18:58 INFO com.amplix.rpc.igcServer -   --- sso module Oracle EBS(oracle_ebs)
2020-08-28 14:18:58 INFO com.amplix.rpc.igcServer -   --- sso module Apache LDAP(apache_ldap)
2020-08-28 14:18:58 ERROR com.amplix.I.H.F - error on db connection mgr, register database driver : 
2020-08-28 14:18:58 ERROR com.amplix.I.H.F - [IGCBASE] Can't register JDBC driver: , Exception: java.lang.ClassNotFoundException: 
java.lang.ClassNotFoundException: 
	at java.lang.Class.forName0(Native Method)
	at java.lang.Class.forName(Class.java:264)
	at com.amplix.I.H.F.A(Unknown Source)
	at com.amplix.rpc.igcServer.A(Unknown Source)
	at com.amplix.rpc.igcServer.E(Unknown Source)
	at com.amplix.rpc.igcRpc.init(Unknown Source)
	at javax.servlet.GenericServlet.init(GenericServlet.java:158)
	at org.apache.catalina.core.StandardWrapper.initServlet(StandardWrapper.java:1134)
	at org.apache.catalina.core.StandardWrapper.loadServlet(StandardWrapper.java:1089)
	at org.apache.catalina.core.StandardWrapper.load(StandardWrapper.java:983)
	at org.apache.catalina.core.StandardContext.loadOnStartup(StandardContext.java:4864)
	at org.apache.catalina.core.StandardContext.startInternal(StandardContext.java:5173)
	at org.apache.catalina.util.LifecycleBase.start(LifecycleBase.java:183)
	at org.apache.catalina.core.ContainerBase$StartChild.call(ContainerBase.java:1384)
	at org.apache.catalina.core.ContainerBase$StartChild.call(ContainerBase.java:1374)
	at java.util.concurrent.FutureTask.run(FutureTask.java:266)
	at org.apache.tomcat.util.threads.InlineExecutorService.execute(InlineExecutorService.java:75)
	at java.util.concurrent.AbstractExecutorService.submit(AbstractExecutorService.java:134)
	at org.apache.catalina.core.ContainerBase.startInternal(ContainerBase.java:909)
	at org.apache.catalina.core.StandardHost.startInternal(StandardHost.java:841)
	at org.apache.catalina.util.LifecycleBase.start(LifecycleBase.java:183)
	at org.apache.catalina.core.ContainerBase$StartChild.call(ContainerBase.java:1384)
	at org.apache.catalina.core.ContainerBase$StartChild.call(ContainerBase.java:1374)
	at java.util.concurrent.FutureTask.run(FutureTask.java:266)
	at org.apache.tomcat.util.threads.InlineExecutorService.execute(InlineExecutorService.java:75)
	at java.util.concurrent.AbstractExecutorService.submit(AbstractExecutorService.java:134)
	at org.apache.catalina.core.ContainerBase.startInternal(ContainerBase.java:909)
	at org.apache.catalina.core.StandardEngine.startInternal(StandardEngine.java:262)
	at org.apache.catalina.util.LifecycleBase.start(LifecycleBase.java:183)
	at org.apache.catalina.core.StandardService.startInternal(StandardService.java:421)
	at org.apache.catalina.util.LifecycleBase.start(LifecycleBase.java:183)
	at org.apache.catalina.core.StandardServer.startInternal(StandardServer.java:930)
	at org.apache.catalina.util.LifecycleBase.start(LifecycleBase.java:183)
	at org.apache.catalina.startup.Tomcat.start(Tomcat.java:468)
	at com.amplix.launcher.ServerService.start(ServerService.java:189)
	at com.amplix.launcher.ServerService.main(ServerService.java:518)
2020-08-28 14:18:58 INFO com.amplix.I.H.F - + Initialized database pool IGCBASE
2020-08-28 14:18:58 ERROR com.amplix.I.H.C - error on poolable dataconnection : try count 0
java.sql.SQLException: Cannot create JDBC driver of class '' for connect URL ''
	at org.apache.tomcat.dbcp.dbcp2.BasicDataSource.createConnectionFactory(BasicDataSource.java:510)
	at org.apache.tomcat.dbcp.dbcp2.BasicDataSource.createDataSource(BasicDataSource.java:599)
	at org.apache.tomcat.dbcp.dbcp2.BasicDataSource.getConnection(BasicDataSource.java:809)
	at com.amplix.I.H.C.C(Unknown Source)
	at com.amplix.I.H.C.B(Unknown Source)
	at com.amplix.I.H.F.A(Unknown Source)
	at com.amplix.I.H.F.A(Unknown Source)
	at com.amplix.I.H.F.B(Unknown Source)
	at com.amplix.rpc.igcServer.A(Unknown Source)
	at com.amplix.rpc.igcServer.E(Unknown Source)
	at com.amplix.rpc.igcRpc.init(Unknown Source)
	at javax.servlet.GenericServlet.init(GenericServlet.java:158)
	at org.apache.catalina.core.StandardWrapper.initServlet(StandardWrapper.java:1134)
	at org.apache.catalina.core.StandardWrapper.loadServlet(StandardWrapper.java:1089)
	at org.apache.catalina.core.StandardWrapper.load(StandardWrapper.java:983)
	at org.apache.catalina.core.StandardContext.loadOnStartup(StandardContext.java:4864)
	at org.apache.catalina.core.StandardContext.startInternal(StandardContext.java:5173)
	at org.apache.catalina.util.LifecycleBase.start(LifecycleBase.java:183)
	at org.apache.catalina.core.ContainerBase$StartChild.call(ContainerBase.java:1384)
	at org.apache.catalina.core.ContainerBase$StartChild.call(ContainerBase.java:1374)
	at java.util.concurrent.FutureTask.run(FutureTask.java:266)
	at org.apache.tomcat.util.threads.InlineExecutorService.execute(InlineExecutorService.java:75)
	at java.util.concurrent.AbstractExecutorService.submit(AbstractExecutorService.java:134)
	at org.apache.catalina.core.ContainerBase.startInternal(ContainerBase.java:909)
	at org.apache.catalina.core.StandardHost.startInternal(StandardHost.java:841)
	at org.apache.catalina.util.LifecycleBase.start(LifecycleBase.java:183)
	at org.apache.catalina.core.ContainerBase$StartChild.call(ContainerBase.java:1384)
	at org.apache.catalina.core.ContainerBase$StartChild.call(ContainerBase.java:1374)
	at java.util.concurrent.FutureTask.run(FutureTask.java:266)
	at org.apache.tomcat.util.threads.InlineExecutorService.execute(InlineExecutorService.java:75)
	at java.util.concurrent.AbstractExecutorService.submit(AbstractExecutorService.java:134)
	at org.apache.catalina.core.ContainerBase.startInternal(ContainerBase.java:909)
	at org.apache.catalina.core.StandardEngine.startInternal(StandardEngine.java:262)
	at org.apache.catalina.util.LifecycleBase.start(LifecycleBase.java:183)
	at org.apache.catalina.core.StandardService.startInternal(StandardService.java:421)
	at org.apache.catalina.util.LifecycleBase.start(LifecycleBase.java:183)
	at org.apache.catalina.core.StandardServer.startInternal(StandardServer.java:930)
	at org.apache.catalina.util.LifecycleBase.start(LifecycleBase.java:183)
	at org.apache.catalina.startup.Tomcat.start(Tomcat.java:468)
	at com.amplix.launcher.ServerService.start(ServerService.java:189)
	at com.amplix.launcher.ServerService.main(ServerService.java:518)
Caused by: java.sql.SQLException: No suitable driver
	at java.sql.DriverManager.getDriver(DriverManager.java:315)
	at org.apache.tomcat.dbcp.dbcp2.BasicDataSource.createConnectionFactory(BasicDataSource.java:495)
	... 40 common frames omitted
2020-08-28 14:18:58 ERROR com.amplix.I.H.C - Can't create a new connection for 
java.sql.SQLException: Cannot create JDBC driver of class '' for connect URL ''
	at org.apache.tomcat.dbcp.dbcp2.BasicDataSource.createConnectionFactory(BasicDataSource.java:510)
	at org.apache.tomcat.dbcp.dbcp2.BasicDataSource.createDataSource(BasicDataSource.java:599)
	at org.apache.tomcat.dbcp.dbcp2.BasicDataSource.getConnection(BasicDataSource.java:809)
	at com.amplix.I.H.C.C(Unknown Source)
	at com.amplix.I.H.C.B(Unknown Source)
	at com.amplix.I.H.F.A(Unknown Source)
	at com.amplix.I.H.F.A(Unknown Source)
	at com.amplix.I.H.F.B(Unknown Source)
	at com.amplix.rpc.igcServer.A(Unknown Source)
	at com.amplix.rpc.igcServer.E(Unknown Source)
	at com.amplix.rpc.igcRpc.init(Unknown Source)
	at javax.servlet.GenericServlet.init(GenericServlet.java:158)
	at org.apache.catalina.core.StandardWrapper.initServlet(StandardWrapper.java:1134)
	at org.apache.catalina.core.StandardWrapper.loadServlet(StandardWrapper.java:1089)
	at org.apache.catalina.core.StandardWrapper.load(StandardWrapper.java:983)
	at org.apache.catalina.core.StandardContext.loadOnStartup(StandardContext.java:4864)
	at org.apache.catalina.core.StandardContext.startInternal(StandardContext.java:5173)
	at org.apache.catalina.util.LifecycleBase.start(LifecycleBase.java:183)
	at org.apache.catalina.core.ContainerBase$StartChild.call(ContainerBase.java:1384)
	at org.apache.catalina.core.ContainerBase$StartChild.call(ContainerBase.java:1374)
	at java.util.concurrent.FutureTask.run(FutureTask.java:266)
	at org.apache.tomcat.util.threads.InlineExecutorService.execute(InlineExecutorService.java:75)
	at java.util.concurrent.AbstractExecutorService.submit(AbstractExecutorService.java:134)
	at org.apache.catalina.core.ContainerBase.startInternal(ContainerBase.java:909)
	at org.apache.catalina.core.StandardHost.startInternal(StandardHost.java:841)
	at org.apache.catalina.util.LifecycleBase.start(LifecycleBase.java:183)
	at org.apache.catalina.core.ContainerBase$StartChild.call(ContainerBase.java:1384)
	at org.apache.catalina.core.ContainerBase$StartChild.call(ContainerBase.java:1374)
	at java.util.concurrent.FutureTask.run(FutureTask.java:266)
	at org.apache.tomcat.util.threads.InlineExecutorService.execute(InlineExecutorService.java:75)
	at java.util.concurrent.AbstractExecutorService.submit(AbstractExecutorService.java:134)
	at org.apache.catalina.core.ContainerBase.startInternal(ContainerBase.java:909)
	at org.apache.catalina.core.StandardEngine.startInternal(StandardEngine.java:262)
	at org.apache.catalina.util.LifecycleBase.start(LifecycleBase.java:183)
	at org.apache.catalina.core.StandardService.startInternal(StandardService.java:421)
	at org.apache.catalina.util.LifecycleBase.start(LifecycleBase.java:183)
	at org.apache.catalina.core.StandardServer.startInternal(StandardServer.java:930)
	at org.apache.catalina.util.LifecycleBase.start(LifecycleBase.java:183)
	at org.apache.catalina.startup.Tomcat.start(Tomcat.java:468)
	at com.amplix.launcher.ServerService.start(ServerService.java:189)
	at com.amplix.launcher.ServerService.main(ServerService.java:518)
Caused by: java.sql.SQLException: No suitable driver
	at java.sql.DriverManager.getDriver(DriverManager.java:315)
	at org.apache.tomcat.dbcp.dbcp2.BasicDataSource.createConnectionFactory(BasicDataSource.java:495)
	... 40 common frames omitted
2020-08-28 14:18:58 ERROR com.amplix.I.H.C - Error on connecting datasource
java.sql.SQLException: Cannot create JDBC driver of class '' for connect URL ''
	at org.apache.tomcat.dbcp.dbcp2.BasicDataSource.createConnectionFactory(BasicDataSource.java:510)
	at org.apache.tomcat.dbcp.dbcp2.BasicDataSource.createDataSource(BasicDataSource.java:599)
	at org.apache.tomcat.dbcp.dbcp2.BasicDataSource.getConnection(BasicDataSource.java:809)
	at com.amplix.I.H.C.C(Unknown Source)
	at com.amplix.I.H.C.B(Unknown Source)
	at com.amplix.I.H.F.A(Unknown Source)
	at com.amplix.I.H.F.A(Unknown Source)
	at com.amplix.I.H.F.B(Unknown Source)
	at com.amplix.rpc.igcServer.A(Unknown Source)
	at com.amplix.rpc.igcServer.E(Unknown Source)
	at com.amplix.rpc.igcRpc.init(Unknown Source)
	at javax.servlet.GenericServlet.init(GenericServlet.java:158)
	at org.apache.catalina.core.StandardWrapper.initServlet(StandardWrapper.java:1134)
	at org.apache.catalina.core.StandardWrapper.loadServlet(StandardWrapper.java:1089)
	at org.apache.catalina.core.StandardWrapper.load(StandardWrapper.java:983)
	at org.apache.catalina.core.StandardContext.loadOnStartup(StandardContext.java:4864)
	at org.apache.catalina.core.StandardContext.startInternal(StandardContext.java:5173)
	at org.apache.catalina.util.LifecycleBase.start(LifecycleBase.java:183)
	at org.apache.catalina.core.ContainerBase$StartChild.call(ContainerBase.java:1384)
	at org.apache.catalina.core.ContainerBase$StartChild.call(ContainerBase.java:1374)
	at java.util.concurrent.FutureTask.run(FutureTask.java:266)
	at org.apache.tomcat.util.threads.InlineExecutorService.execute(InlineExecutorService.java:75)
	at java.util.concurrent.AbstractExecutorService.submit(AbstractExecutorService.java:134)
	at org.apache.catalina.core.ContainerBase.startInternal(ContainerBase.java:909)
	at org.apache.catalina.core.StandardHost.startInternal(StandardHost.java:841)
	at org.apache.catalina.util.LifecycleBase.start(LifecycleBase.java:183)
	at org.apache.catalina.core.ContainerBase$StartChild.call(ContainerBase.java:1384)
	at org.apache.catalina.core.ContainerBase$StartChild.call(ContainerBase.java:1374)
	at java.util.concurrent.FutureTask.run(FutureTask.java:266)
	at org.apache.tomcat.util.threads.InlineExecutorService.execute(InlineExecutorService.java:75)
	at java.util.concurrent.AbstractExecutorService.submit(AbstractExecutorService.java:134)
	at org.apache.catalina.core.ContainerBase.startInternal(ContainerBase.java:909)
	at org.apache.catalina.core.StandardEngine.startInternal(StandardEngine.java:262)
	at org.apache.catalina.util.LifecycleBase.start(LifecycleBase.java:183)
	at org.apache.catalina.core.StandardService.startInternal(StandardService.java:421)
	at org.apache.catalina.util.LifecycleBase.start(LifecycleBase.java:183)
	at org.apache.catalina.core.StandardServer.startInternal(StandardServer.java:930)
	at org.apache.catalina.util.LifecycleBase.start(LifecycleBase.java:183)
	at org.apache.catalina.startup.Tomcat.start(Tomcat.java:468)
	at com.amplix.launcher.ServerService.start(ServerService.java:189)
	at com.amplix.launcher.ServerService.main(ServerService.java:518)
Caused by: java.sql.SQLException: No suitable driver
	at java.sql.DriverManager.getDriver(DriverManager.java:315)
	at org.apache.tomcat.dbcp.dbcp2.BasicDataSource.createConnectionFactory(BasicDataSource.java:495)
	... 40 common frames omitted
2020-08-28 14:18:58 ERROR com.amplix.rpc.igcServer - Error while check the meta data tables Cannot create JDBC driver of class '' for connect URL ''
java.sql.SQLException: Cannot create JDBC driver of class '' for connect URL ''
	at org.apache.tomcat.dbcp.dbcp2.BasicDataSource.createConnectionFactory(BasicDataSource.java:510)
	at org.apache.tomcat.dbcp.dbcp2.BasicDataSource.createDataSource(BasicDataSource.java:599)
	at org.apache.tomcat.dbcp.dbcp2.BasicDataSource.getConnection(BasicDataSource.java:809)
	at com.amplix.I.H.C.C(Unknown Source)
	at com.amplix.I.H.C.B(Unknown Source)
	at com.amplix.I.H.F.A(Unknown Source)
	at com.amplix.I.H.F.A(Unknown Source)
	at com.amplix.I.H.F.B(Unknown Source)
	at com.amplix.rpc.igcServer.A(Unknown Source)
	at com.amplix.rpc.igcServer.E(Unknown Source)
	at com.amplix.rpc.igcRpc.init(Unknown Source)
	at javax.servlet.GenericServlet.init(GenericServlet.java:158)
	at org.apache.catalina.core.StandardWrapper.initServlet(StandardWrapper.java:1134)
	at org.apache.catalina.core.StandardWrapper.loadServlet(StandardWrapper.java:1089)
	at org.apache.catalina.core.StandardWrapper.load(StandardWrapper.java:983)
	at org.apache.catalina.core.StandardContext.loadOnStartup(StandardContext.java:4864)
	at org.apache.catalina.core.StandardContext.startInternal(StandardContext.java:5173)
	at org.apache.catalina.util.LifecycleBase.start(LifecycleBase.java:183)
	at org.apache.catalina.core.ContainerBase$StartChild.call(ContainerBase.java:1384)
	at org.apache.catalina.core.ContainerBase$StartChild.call(ContainerBase.java:1374)
	at java.util.concurrent.FutureTask.run(FutureTask.java:266)
	at org.apache.tomcat.util.threads.InlineExecutorService.execute(InlineExecutorService.java:75)
	at java.util.concurrent.AbstractExecutorService.submit(AbstractExecutorService.java:134)
	at org.apache.catalina.core.ContainerBase.startInternal(ContainerBase.java:909)
	at org.apache.catalina.core.StandardHost.startInternal(StandardHost.java:841)
	at org.apache.catalina.util.LifecycleBase.start(LifecycleBase.java:183)
	at org.apache.catalina.core.ContainerBase$StartChild.call(ContainerBase.java:1384)
	at org.apache.catalina.core.ContainerBase$StartChild.call(ContainerBase.java:1374)
	at java.util.concurrent.FutureTask.run(FutureTask.java:266)
	at org.apache.tomcat.util.threads.InlineExecutorService.execute(InlineExecutorService.java:75)
	at java.util.concurrent.AbstractExecutorService.submit(AbstractExecutorService.java:134)
	at org.apache.catalina.core.ContainerBase.startInternal(ContainerBase.java:909)
	at org.apache.catalina.core.StandardEngine.startInternal(StandardEngine.java:262)
	at org.apache.catalina.util.LifecycleBase.start(LifecycleBase.java:183)
	at org.apache.catalina.core.StandardService.startInternal(StandardService.java:421)
	at org.apache.catalina.util.LifecycleBase.start(LifecycleBase.java:183)
	at org.apache.catalina.core.StandardServer.startInternal(StandardServer.java:930)
	at org.apache.catalina.util.LifecycleBase.start(LifecycleBase.java:183)
	at org.apache.catalina.startup.Tomcat.start(Tomcat.java:468)
	at com.amplix.launcher.ServerService.start(ServerService.java:189)
	at com.amplix.launcher.ServerService.main(ServerService.java:518)
Caused by: java.sql.SQLException: No suitable driver
	at java.sql.DriverManager.getDriver(DriverManager.java:315)
	at org.apache.tomcat.dbcp.dbcp2.BasicDataSource.createConnectionFactory(BasicDataSource.java:495)
	... 40 common frames omitted
2020-08-28 14:18:58 ERROR com.amplix.rpc.igcRpc - initialization process failed: 
java.sql.SQLException: Cannot create JDBC driver of class '' for connect URL ''
	at org.apache.tomcat.dbcp.dbcp2.BasicDataSource.createConnectionFactory(BasicDataSource.java:510)
	at org.apache.tomcat.dbcp.dbcp2.BasicDataSource.createDataSource(BasicDataSource.java:599)
	at org.apache.tomcat.dbcp.dbcp2.BasicDataSource.getConnection(BasicDataSource.java:809)
	at com.amplix.I.H.C.C(Unknown Source)
	at com.amplix.I.H.C.B(Unknown Source)
	at com.amplix.I.H.F.A(Unknown Source)
	at com.amplix.I.H.F.A(Unknown Source)
	at com.amplix.I.H.F.B(Unknown Source)
	at com.amplix.rpc.igcServer.A(Unknown Source)
	at com.amplix.rpc.igcServer.E(Unknown Source)
	at com.amplix.rpc.igcRpc.init(Unknown Source)
	at javax.servlet.GenericServlet.init(GenericServlet.java:158)
	at org.apache.catalina.core.StandardWrapper.initServlet(StandardWrapper.java:1134)
	at org.apache.catalina.core.StandardWrapper.loadServlet(StandardWrapper.java:1089)
	at org.apache.catalina.core.StandardWrapper.load(StandardWrapper.java:983)
	at org.apache.catalina.core.StandardContext.loadOnStartup(StandardContext.java:4864)
	at org.apache.catalina.core.StandardContext.startInternal(StandardContext.java:5173)
	at org.apache.catalina.util.LifecycleBase.start(LifecycleBase.java:183)
	at org.apache.catalina.core.ContainerBase$StartChild.call(ContainerBase.java:1384)
	at org.apache.catalina.core.ContainerBase$StartChild.call(ContainerBase.java:1374)
	at java.util.concurrent.FutureTask.run(FutureTask.java:266)
	at org.apache.tomcat.util.threads.InlineExecutorService.execute(InlineExecutorService.java:75)
	at java.util.concurrent.AbstractExecutorService.submit(AbstractExecutorService.java:134)
	at org.apache.catalina.core.ContainerBase.startInternal(ContainerBase.java:909)
	at org.apache.catalina.core.StandardHost.startInternal(StandardHost.java:841)
	at org.apache.catalina.util.LifecycleBase.start(LifecycleBase.java:183)
	at org.apache.catalina.core.ContainerBase$StartChild.call(ContainerBase.java:1384)
	at org.apache.catalina.core.ContainerBase$StartChild.call(ContainerBase.java:1374)
	at java.util.concurrent.FutureTask.run(FutureTask.java:266)
	at org.apache.tomcat.util.threads.InlineExecutorService.execute(InlineExecutorService.java:75)
	at java.util.concurrent.AbstractExecutorService.submit(AbstractExecutorService.java:134)
	at org.apache.catalina.core.ContainerBase.startInternal(ContainerBase.java:909)
	at org.apache.catalina.core.StandardEngine.startInternal(StandardEngine.java:262)
	at org.apache.catalina.util.LifecycleBase.start(LifecycleBase.java:183)
	at org.apache.catalina.core.StandardService.startInternal(StandardService.java:421)
	at org.apache.catalina.util.LifecycleBase.start(LifecycleBase.java:183)
	at org.apache.catalina.core.StandardServer.startInternal(StandardServer.java:930)
	at org.apache.catalina.util.LifecycleBase.start(LifecycleBase.java:183)
	at org.apache.catalina.startup.Tomcat.start(Tomcat.java:468)
	at com.amplix.launcher.ServerService.start(ServerService.java:189)
	at com.amplix.launcher.ServerService.main(ServerService.java:518)
Caused by: java.sql.SQLException: No suitable driver
	at java.sql.DriverManager.getDriver(DriverManager.java:315)
	at org.apache.tomcat.dbcp.dbcp2.BasicDataSource.createConnectionFactory(BasicDataSource.java:495)
	... 40 common frames omitted
2020-08-28 14:18:58 INFO com.amplix.rpc.igcSessionListener - ___session created: org.apache.catalina.session.StandardSessionFacade@45758bff
2020-08-28 14:18:59 INFO com.amplix.rpc.igcRpc - request mts localhost
2020-08-28 14:18:59 ERROR com.amplix.rpc.igcRpc - error on mts information localhost
java.lang.NullPointerException: null
	at com.amplix.rpc.igcRpc.LoadMTS(Unknown Source)
	at com.amplix.rpc.igcRpc.doGet(Unknown Source)
	at javax.servlet.http.HttpServlet.service(HttpServlet.java:634)
	at javax.servlet.http.HttpServlet.service(HttpServlet.java:741)
	at org.apache.catalina.core.ApplicationFilterChain.internalDoFilter(ApplicationFilterChain.java:231)
	at org.apache.catalina.core.ApplicationFilterChain.doFilter(ApplicationFilterChain.java:166)
	at org.apache.catalina.core.StandardWrapperValve.invoke(StandardWrapperValve.java:202)
	at org.apache.catalina.core.StandardContextValve.invoke(StandardContextValve.java:96)
	at org.apache.catalina.authenticator.AuthenticatorBase.invoke(AuthenticatorBase.java:541)
	at org.apache.catalina.core.StandardHostValve.invoke(StandardHostValve.java:139)
	at org.apache.catalina.valves.ErrorReportValve.invoke(ErrorReportValve.java:92)
	at org.apache.catalina.core.StandardEngineValve.invoke(StandardEngineValve.java:74)
	at org.apache.catalina.connector.CoyoteAdapter.service(CoyoteAdapter.java:343)
	at org.apache.coyote.http11.Http11Processor.service(Http11Processor.java:373)
	at org.apache.coyote.AbstractProcessorLight.process(AbstractProcessorLight.java:65)
	at org.apache.coyote.AbstractProtocol$ConnectionHandler.process(AbstractProtocol.java:868)
	at org.apache.tomcat.util.net.NioEndpoint$SocketProcessor.doRun(NioEndpoint.java:1590)
	at org.apache.tomcat.util.net.SocketProcessorBase.run(SocketProcessorBase.java:49)
	at java.util.concurrent.ThreadPoolExecutor.runWorker(ThreadPoolExecutor.java:1149)
	at java.util.concurrent.ThreadPoolExecutor$Worker.run(ThreadPoolExecutor.java:624)
	at org.apache.tomcat.util.threads.TaskThread$WrappingRunnable.run(TaskThread.java:61)
	at java.lang.Thread.run(Thread.java:748)
2020-08-28 14:19:14 INFO com.amplix.rpc.igcInstall - **********************************************
2020-08-28 14:19:14 INFO com.amplix.rpc.igcInstall - **** Starting amplix Installer        ********
2020-08-28 14:19:14 INFO com.amplix.rpc.igcInstall - **********************************************
2020-08-28 14:19:14 INFO com.amplix.rpc.igcInstall -  application loading from : /Users/parabellum/workspace/_boguenon/amplix/
2020-08-28 14:19:14 INFO com.amplix.rpc.igcInstall - ------------------------------------------------------- installaction access started -
2020-08-28 14:19:14 ERROR com.amplix.I.H.C - error on poolable dataconnection : try count 0
java.sql.SQLException: Cannot create JDBC driver of class '' for connect URL ''
	at org.apache.tomcat.dbcp.dbcp2.BasicDataSource.createConnectionFactory(BasicDataSource.java:510)
	at org.apache.tomcat.dbcp.dbcp2.BasicDataSource.createDataSource(BasicDataSource.java:599)
	at org.apache.tomcat.dbcp.dbcp2.BasicDataSource.getConnection(BasicDataSource.java:809)
	at com.amplix.I.H.C.C(Unknown Source)
	at com.amplix.I.H.C.B(Unknown Source)
	at com.amplix.I.H.F.A(Unknown Source)
	at com.amplix.I.H.F.A(Unknown Source)
	at com.amplix.I.H.F.B(Unknown Source)
	at com.amplix.rpc.igcInstall.A(Unknown Source)
	at com.amplix.rpc.igcInstall.doPost(Unknown Source)
	at javax.servlet.http.HttpServlet.service(HttpServlet.java:660)
	at javax.servlet.http.HttpServlet.service(HttpServlet.java:741)
	at org.apache.catalina.core.ApplicationFilterChain.internalDoFilter(ApplicationFilterChain.java:231)
	at org.apache.catalina.core.ApplicationFilterChain.doFilter(ApplicationFilterChain.java:166)
	at org.apache.catalina.core.StandardWrapperValve.invoke(StandardWrapperValve.java:202)
	at org.apache.catalina.core.StandardContextValve.invoke(StandardContextValve.java:96)
	at org.apache.catalina.authenticator.AuthenticatorBase.invoke(AuthenticatorBase.java:541)
	at org.apache.catalina.core.StandardHostValve.invoke(StandardHostValve.java:139)
	at org.apache.catalina.valves.ErrorReportValve.invoke(ErrorReportValve.java:92)
	at org.apache.catalina.core.StandardEngineValve.invoke(StandardEngineValve.java:74)
	at org.apache.catalina.connector.CoyoteAdapter.service(CoyoteAdapter.java:343)
	at org.apache.coyote.http11.Http11Processor.service(Http11Processor.java:373)
	at org.apache.coyote.AbstractProcessorLight.process(AbstractProcessorLight.java:65)
	at org.apache.coyote.AbstractProtocol$ConnectionHandler.process(AbstractProtocol.java:868)
	at org.apache.tomcat.util.net.NioEndpoint$SocketProcessor.doRun(NioEndpoint.java:1590)
	at org.apache.tomcat.util.net.SocketProcessorBase.run(SocketProcessorBase.java:49)
	at java.util.concurrent.ThreadPoolExecutor.runWorker(ThreadPoolExecutor.java:1149)
	at java.util.concurrent.ThreadPoolExecutor$Worker.run(ThreadPoolExecutor.java:624)
	at org.apache.tomcat.util.threads.TaskThread$WrappingRunnable.run(TaskThread.java:61)
	at java.lang.Thread.run(Thread.java:748)
Caused by: java.sql.SQLException: No suitable driver
	at java.sql.DriverManager.getDriver(DriverManager.java:315)
	at org.apache.tomcat.dbcp.dbcp2.BasicDataSource.createConnectionFactory(BasicDataSource.java:495)
	... 29 common frames omitted
2020-08-28 14:19:14 ERROR com.amplix.I.H.C - Can't create a new connection for 
java.sql.SQLException: Cannot create JDBC driver of class '' for connect URL ''
	at org.apache.tomcat.dbcp.dbcp2.BasicDataSource.createConnectionFactory(BasicDataSource.java:510)
	at org.apache.tomcat.dbcp.dbcp2.BasicDataSource.createDataSource(BasicDataSource.java:599)
	at org.apache.tomcat.dbcp.dbcp2.BasicDataSource.getConnection(BasicDataSource.java:809)
	at com.amplix.I.H.C.C(Unknown Source)
	at com.amplix.I.H.C.B(Unknown Source)
	at com.amplix.I.H.F.A(Unknown Source)
	at com.amplix.I.H.F.A(Unknown Source)
	at com.amplix.I.H.F.B(Unknown Source)
	at com.amplix.rpc.igcInstall.A(Unknown Source)
	at com.amplix.rpc.igcInstall.doPost(Unknown Source)
	at javax.servlet.http.HttpServlet.service(HttpServlet.java:660)
	at javax.servlet.http.HttpServlet.service(HttpServlet.java:741)
	at org.apache.catalina.core.ApplicationFilterChain.internalDoFilter(ApplicationFilterChain.java:231)
	at org.apache.catalina.core.ApplicationFilterChain.doFilter(ApplicationFilterChain.java:166)
	at org.apache.catalina.core.StandardWrapperValve.invoke(StandardWrapperValve.java:202)
	at org.apache.catalina.core.StandardContextValve.invoke(StandardContextValve.java:96)
	at org.apache.catalina.authenticator.AuthenticatorBase.invoke(AuthenticatorBase.java:541)
	at org.apache.catalina.core.StandardHostValve.invoke(StandardHostValve.java:139)
	at org.apache.catalina.valves.ErrorReportValve.invoke(ErrorReportValve.java:92)
	at org.apache.catalina.core.StandardEngineValve.invoke(StandardEngineValve.java:74)
	at org.apache.catalina.connector.CoyoteAdapter.service(CoyoteAdapter.java:343)
	at org.apache.coyote.http11.Http11Processor.service(Http11Processor.java:373)
	at org.apache.coyote.AbstractProcessorLight.process(AbstractProcessorLight.java:65)
	at org.apache.coyote.AbstractProtocol$ConnectionHandler.process(AbstractProtocol.java:868)
	at org.apache.tomcat.util.net.NioEndpoint$SocketProcessor.doRun(NioEndpoint.java:1590)
	at org.apache.tomcat.util.net.SocketProcessorBase.run(SocketProcessorBase.java:49)
	at java.util.concurrent.ThreadPoolExecutor.runWorker(ThreadPoolExecutor.java:1149)
	at java.util.concurrent.ThreadPoolExecutor$Worker.run(ThreadPoolExecutor.java:624)
	at org.apache.tomcat.util.threads.TaskThread$WrappingRunnable.run(TaskThread.java:61)
	at java.lang.Thread.run(Thread.java:748)
Caused by: java.sql.SQLException: No suitable driver
	at java.sql.DriverManager.getDriver(DriverManager.java:315)
	at org.apache.tomcat.dbcp.dbcp2.BasicDataSource.createConnectionFactory(BasicDataSource.java:495)
	... 29 common frames omitted
2020-08-28 14:19:14 ERROR com.amplix.I.H.C - Error on connecting datasource
java.sql.SQLException: Cannot create JDBC driver of class '' for connect URL ''
	at org.apache.tomcat.dbcp.dbcp2.BasicDataSource.createConnectionFactory(BasicDataSource.java:510)
	at org.apache.tomcat.dbcp.dbcp2.BasicDataSource.createDataSource(BasicDataSource.java:599)
	at org.apache.tomcat.dbcp.dbcp2.BasicDataSource.getConnection(BasicDataSource.java:809)
	at com.amplix.I.H.C.C(Unknown Source)
	at com.amplix.I.H.C.B(Unknown Source)
	at com.amplix.I.H.F.A(Unknown Source)
	at com.amplix.I.H.F.A(Unknown Source)
	at com.amplix.I.H.F.B(Unknown Source)
	at com.amplix.rpc.igcInstall.A(Unknown Source)
	at com.amplix.rpc.igcInstall.doPost(Unknown Source)
	at javax.servlet.http.HttpServlet.service(HttpServlet.java:660)
	at javax.servlet.http.HttpServlet.service(HttpServlet.java:741)
	at org.apache.catalina.core.ApplicationFilterChain.internalDoFilter(ApplicationFilterChain.java:231)
	at org.apache.catalina.core.ApplicationFilterChain.doFilter(ApplicationFilterChain.java:166)
	at org.apache.catalina.core.StandardWrapperValve.invoke(StandardWrapperValve.java:202)
	at org.apache.catalina.core.StandardContextValve.invoke(StandardContextValve.java:96)
	at org.apache.catalina.authenticator.AuthenticatorBase.invoke(AuthenticatorBase.java:541)
	at org.apache.catalina.core.StandardHostValve.invoke(StandardHostValve.java:139)
	at org.apache.catalina.valves.ErrorReportValve.invoke(ErrorReportValve.java:92)
	at org.apache.catalina.core.StandardEngineValve.invoke(StandardEngineValve.java:74)
	at org.apache.catalina.connector.CoyoteAdapter.service(CoyoteAdapter.java:343)
	at org.apache.coyote.http11.Http11Processor.service(Http11Processor.java:373)
	at org.apache.coyote.AbstractProcessorLight.process(AbstractProcessorLight.java:65)
	at org.apache.coyote.AbstractProtocol$ConnectionHandler.process(AbstractProtocol.java:868)
	at org.apache.tomcat.util.net.NioEndpoint$SocketProcessor.doRun(NioEndpoint.java:1590)
	at org.apache.tomcat.util.net.SocketProcessorBase.run(SocketProcessorBase.java:49)
	at java.util.concurrent.ThreadPoolExecutor.runWorker(ThreadPoolExecutor.java:1149)
	at java.util.concurrent.ThreadPoolExecutor$Worker.run(ThreadPoolExecutor.java:624)
	at org.apache.tomcat.util.threads.TaskThread$WrappingRunnable.run(TaskThread.java:61)
	at java.lang.Thread.run(Thread.java:748)
Caused by: java.sql.SQLException: No suitable driver
	at java.sql.DriverManager.getDriver(DriverManager.java:315)
	at org.apache.tomcat.dbcp.dbcp2.BasicDataSource.createConnectionFactory(BasicDataSource.java:495)
	... 29 common frames omitted
2020-08-28 14:19:14 ERROR com.amplix.I.H.C - error on poolable dataconnection : try count 0
java.sql.SQLException: Cannot create JDBC driver of class '' for connect URL ''
	at org.apache.tomcat.dbcp.dbcp2.BasicDataSource.createConnectionFactory(BasicDataSource.java:510)
	at org.apache.tomcat.dbcp.dbcp2.BasicDataSource.createDataSource(BasicDataSource.java:599)
	at org.apache.tomcat.dbcp.dbcp2.BasicDataSource.getConnection(BasicDataSource.java:809)
	at com.amplix.I.H.C.C(Unknown Source)
	at com.amplix.I.H.C.B(Unknown Source)
	at com.amplix.I.H.F.A(Unknown Source)
	at com.amplix.I.H.F.A(Unknown Source)
	at com.amplix.I.H.F.B(Unknown Source)
	at com.amplix.install.appInstaller.A(Unknown Source)
	at com.amplix.rpc.igcInstall.doPost(Unknown Source)
	at javax.servlet.http.HttpServlet.service(HttpServlet.java:660)
	at javax.servlet.http.HttpServlet.service(HttpServlet.java:741)
	at org.apache.catalina.core.ApplicationFilterChain.internalDoFilter(ApplicationFilterChain.java:231)
	at org.apache.catalina.core.ApplicationFilterChain.doFilter(ApplicationFilterChain.java:166)
	at org.apache.catalina.core.StandardWrapperValve.invoke(StandardWrapperValve.java:202)
	at org.apache.catalina.core.StandardContextValve.invoke(StandardContextValve.java:96)
	at org.apache.catalina.authenticator.AuthenticatorBase.invoke(AuthenticatorBase.java:541)
	at org.apache.catalina.core.StandardHostValve.invoke(StandardHostValve.java:139)
	at org.apache.catalina.valves.ErrorReportValve.invoke(ErrorReportValve.java:92)
	at org.apache.catalina.core.StandardEngineValve.invoke(StandardEngineValve.java:74)
	at org.apache.catalina.connector.CoyoteAdapter.service(CoyoteAdapter.java:343)
	at org.apache.coyote.http11.Http11Processor.service(Http11Processor.java:373)
	at org.apache.coyote.AbstractProcessorLight.process(AbstractProcessorLight.java:65)
	at org.apache.coyote.AbstractProtocol$ConnectionHandler.process(AbstractProtocol.java:868)
	at org.apache.tomcat.util.net.NioEndpoint$SocketProcessor.doRun(NioEndpoint.java:1590)
	at org.apache.tomcat.util.net.SocketProcessorBase.run(SocketProcessorBase.java:49)
	at java.util.concurrent.ThreadPoolExecutor.runWorker(ThreadPoolExecutor.java:1149)
	at java.util.concurrent.ThreadPoolExecutor$Worker.run(ThreadPoolExecutor.java:624)
	at org.apache.tomcat.util.threads.TaskThread$WrappingRunnable.run(TaskThread.java:61)
	at java.lang.Thread.run(Thread.java:748)
Caused by: java.sql.SQLException: No suitable driver
	at java.sql.DriverManager.getDriver(DriverManager.java:315)
	at org.apache.tomcat.dbcp.dbcp2.BasicDataSource.createConnectionFactory(BasicDataSource.java:495)
	... 29 common frames omitted
2020-08-28 14:19:14 ERROR com.amplix.I.H.C - Can't create a new connection for 
java.sql.SQLException: Cannot create JDBC driver of class '' for connect URL ''
	at org.apache.tomcat.dbcp.dbcp2.BasicDataSource.createConnectionFactory(BasicDataSource.java:510)
	at org.apache.tomcat.dbcp.dbcp2.BasicDataSource.createDataSource(BasicDataSource.java:599)
	at org.apache.tomcat.dbcp.dbcp2.BasicDataSource.getConnection(BasicDataSource.java:809)
	at com.amplix.I.H.C.C(Unknown Source)
	at com.amplix.I.H.C.B(Unknown Source)
	at com.amplix.I.H.F.A(Unknown Source)
	at com.amplix.I.H.F.A(Unknown Source)
	at com.amplix.I.H.F.B(Unknown Source)
	at com.amplix.install.appInstaller.A(Unknown Source)
	at com.amplix.rpc.igcInstall.doPost(Unknown Source)
	at javax.servlet.http.HttpServlet.service(HttpServlet.java:660)
	at javax.servlet.http.HttpServlet.service(HttpServlet.java:741)
	at org.apache.catalina.core.ApplicationFilterChain.internalDoFilter(ApplicationFilterChain.java:231)
	at org.apache.catalina.core.ApplicationFilterChain.doFilter(ApplicationFilterChain.java:166)
	at org.apache.catalina.core.StandardWrapperValve.invoke(StandardWrapperValve.java:202)
	at org.apache.catalina.core.StandardContextValve.invoke(StandardContextValve.java:96)
	at org.apache.catalina.authenticator.AuthenticatorBase.invoke(AuthenticatorBase.java:541)
	at org.apache.catalina.core.StandardHostValve.invoke(StandardHostValve.java:139)
	at org.apache.catalina.valves.ErrorReportValve.invoke(ErrorReportValve.java:92)
	at org.apache.catalina.core.StandardEngineValve.invoke(StandardEngineValve.java:74)
	at org.apache.catalina.connector.CoyoteAdapter.service(CoyoteAdapter.java:343)
	at org.apache.coyote.http11.Http11Processor.service(Http11Processor.java:373)
	at org.apache.coyote.AbstractProcessorLight.process(AbstractProcessorLight.java:65)
	at org.apache.coyote.AbstractProtocol$ConnectionHandler.process(AbstractProtocol.java:868)
	at org.apache.tomcat.util.net.NioEndpoint$SocketProcessor.doRun(NioEndpoint.java:1590)
	at org.apache.tomcat.util.net.SocketProcessorBase.run(SocketProcessorBase.java:49)
	at java.util.concurrent.ThreadPoolExecutor.runWorker(ThreadPoolExecutor.java:1149)
	at java.util.concurrent.ThreadPoolExecutor$Worker.run(ThreadPoolExecutor.java:624)
	at org.apache.tomcat.util.threads.TaskThread$WrappingRunnable.run(TaskThread.java:61)
	at java.lang.Thread.run(Thread.java:748)
Caused by: java.sql.SQLException: No suitable driver
	at java.sql.DriverManager.getDriver(DriverManager.java:315)
	at org.apache.tomcat.dbcp.dbcp2.BasicDataSource.createConnectionFactory(BasicDataSource.java:495)
	... 29 common frames omitted
2020-08-28 14:19:14 ERROR com.amplix.I.H.C - Error on connecting datasource
java.sql.SQLException: Cannot create JDBC driver of class '' for connect URL ''
	at org.apache.tomcat.dbcp.dbcp2.BasicDataSource.createConnectionFactory(BasicDataSource.java:510)
	at org.apache.tomcat.dbcp.dbcp2.BasicDataSource.createDataSource(BasicDataSource.java:599)
	at org.apache.tomcat.dbcp.dbcp2.BasicDataSource.getConnection(BasicDataSource.java:809)
	at com.amplix.I.H.C.C(Unknown Source)
	at com.amplix.I.H.C.B(Unknown Source)
	at com.amplix.I.H.F.A(Unknown Source)
	at com.amplix.I.H.F.A(Unknown Source)
	at com.amplix.I.H.F.B(Unknown Source)
	at com.amplix.install.appInstaller.A(Unknown Source)
	at com.amplix.rpc.igcInstall.doPost(Unknown Source)
	at javax.servlet.http.HttpServlet.service(HttpServlet.java:660)
	at javax.servlet.http.HttpServlet.service(HttpServlet.java:741)
	at org.apache.catalina.core.ApplicationFilterChain.internalDoFilter(ApplicationFilterChain.java:231)
	at org.apache.catalina.core.ApplicationFilterChain.doFilter(ApplicationFilterChain.java:166)
	at org.apache.catalina.core.StandardWrapperValve.invoke(StandardWrapperValve.java:202)
	at org.apache.catalina.core.StandardContextValve.invoke(StandardContextValve.java:96)
	at org.apache.catalina.authenticator.AuthenticatorBase.invoke(AuthenticatorBase.java:541)
	at org.apache.catalina.core.StandardHostValve.invoke(StandardHostValve.java:139)
	at org.apache.catalina.valves.ErrorReportValve.invoke(ErrorReportValve.java:92)
	at org.apache.catalina.core.StandardEngineValve.invoke(StandardEngineValve.java:74)
	at org.apache.catalina.connector.CoyoteAdapter.service(CoyoteAdapter.java:343)
	at org.apache.coyote.http11.Http11Processor.service(Http11Processor.java:373)
	at org.apache.coyote.AbstractProcessorLight.process(AbstractProcessorLight.java:65)
	at org.apache.coyote.AbstractProtocol$ConnectionHandler.process(AbstractProtocol.java:868)
	at org.apache.tomcat.util.net.NioEndpoint$SocketProcessor.doRun(NioEndpoint.java:1590)
	at org.apache.tomcat.util.net.SocketProcessorBase.run(SocketProcessorBase.java:49)
	at java.util.concurrent.ThreadPoolExecutor.runWorker(ThreadPoolExecutor.java:1149)
	at java.util.concurrent.ThreadPoolExecutor$Worker.run(ThreadPoolExecutor.java:624)
	at org.apache.tomcat.util.threads.TaskThread$WrappingRunnable.run(TaskThread.java:61)
	at java.lang.Thread.run(Thread.java:748)
Caused by: java.sql.SQLException: No suitable driver
	at java.sql.DriverManager.getDriver(DriverManager.java:315)
	at org.apache.tomcat.dbcp.dbcp2.BasicDataSource.createConnectionFactory(BasicDataSource.java:495)
	... 29 common frames omitted
2020-08-28 14:19:14 ERROR com.amplix.install.appInstaller - Error on database connection
java.sql.SQLException: Cannot create JDBC driver of class '' for connect URL ''
	at org.apache.tomcat.dbcp.dbcp2.BasicDataSource.createConnectionFactory(BasicDataSource.java:510)
	at org.apache.tomcat.dbcp.dbcp2.BasicDataSource.createDataSource(BasicDataSource.java:599)
	at org.apache.tomcat.dbcp.dbcp2.BasicDataSource.getConnection(BasicDataSource.java:809)
	at com.amplix.I.H.C.C(Unknown Source)
	at com.amplix.I.H.C.B(Unknown Source)
	at com.amplix.I.H.F.A(Unknown Source)
	at com.amplix.I.H.F.A(Unknown Source)
	at com.amplix.I.H.F.B(Unknown Source)
	at com.amplix.install.appInstaller.A(Unknown Source)
	at com.amplix.rpc.igcInstall.doPost(Unknown Source)
	at javax.servlet.http.HttpServlet.service(HttpServlet.java:660)
	at javax.servlet.http.HttpServlet.service(HttpServlet.java:741)
	at org.apache.catalina.core.ApplicationFilterChain.internalDoFilter(ApplicationFilterChain.java:231)
	at org.apache.catalina.core.ApplicationFilterChain.doFilter(ApplicationFilterChain.java:166)
	at org.apache.catalina.core.StandardWrapperValve.invoke(StandardWrapperValve.java:202)
	at org.apache.catalina.core.StandardContextValve.invoke(StandardContextValve.java:96)
	at org.apache.catalina.authenticator.AuthenticatorBase.invoke(AuthenticatorBase.java:541)
	at org.apache.catalina.core.StandardHostValve.invoke(StandardHostValve.java:139)
	at org.apache.catalina.valves.ErrorReportValve.invoke(ErrorReportValve.java:92)
	at org.apache.catalina.core.StandardEngineValve.invoke(StandardEngineValve.java:74)
	at org.apache.catalina.connector.CoyoteAdapter.service(CoyoteAdapter.java:343)
	at org.apache.coyote.http11.Http11Processor.service(Http11Processor.java:373)
	at org.apache.coyote.AbstractProcessorLight.process(AbstractProcessorLight.java:65)
	at org.apache.coyote.AbstractProtocol$ConnectionHandler.process(AbstractProtocol.java:868)
	at org.apache.tomcat.util.net.NioEndpoint$SocketProcessor.doRun(NioEndpoint.java:1590)
	at org.apache.tomcat.util.net.SocketProcessorBase.run(SocketProcessorBase.java:49)
	at java.util.concurrent.ThreadPoolExecutor.runWorker(ThreadPoolExecutor.java:1149)
	at java.util.concurrent.ThreadPoolExecutor$Worker.run(ThreadPoolExecutor.java:624)
	at org.apache.tomcat.util.threads.TaskThread$WrappingRunnable.run(TaskThread.java:61)
	at java.lang.Thread.run(Thread.java:748)
Caused by: java.sql.SQLException: No suitable driver
	at java.sql.DriverManager.getDriver(DriverManager.java:315)
	at org.apache.tomcat.dbcp.dbcp2.BasicDataSource.createConnectionFactory(BasicDataSource.java:495)
	... 29 common frames omitted
2020-08-28 14:19:14 INFO com.amplix.install.appInstaller - Warning >> Server is not installed or cannot find server meta.
2020-08-28 14:19:14 INFO com.amplix.rpc.igcInstall - ------------------------------------------------------- installaction access finished -
